[000100] 0100 00     NOP            AF=01b0 BC=0013 DE=00d8 HL=014d SP=fffe P1=004000 vc=0 bi
[000101] 0101 C35001 JP 0150h       AF=01b0 BC=0013 DE=00d8 HL=014d SP=fffe P1=004000 vc=0 bi
[000150] 0150 C38B02 JP 028Bh       AF=01b0 BC=0013 DE=00d8 HL=014d SP=fffe P1=004000 vc=0 bi
[00028b] 028b AF     XOR A          AF=01b0 BC=0013 DE=00d8 HL=014d SP=fffe P1=004000 vc=0 bi
[00028c] 028c 21FFDF LD HL,DFFFh    AF=0080 BC=0013 DE=00d8 HL=014d SP=fffe P1=004000 vc=0 bi
[00028f] 028f 0E10   LD C,10h       AF=0080 BC=0013 DE=00d8 HL=dfff SP=fffe P1=004000 vc=0 bi
[000291] 0291 0600   LD B,00h       AF=0080 BC=0010 DE=00d8 HL=dfff SP=fffe P1=004000 vc=0 bi
[000293] 0293 32     LDD (HL),A     AF=0080 BC=0010 DE=00d8 HL=dfff SP=fffe P1=004000 vc=0 bi
[000294] 0294 05     DEC B          AF=0080 BC=0010 DE=00d8 HL=dffe SP=fffe P1=004000 vc=0 bi
[000295] 0295 20FC   JR NZ,0293h    AF=0060 BC=ff10 DE=00d8 HL=dffe SP=fffe P1=004000 vc=0 Bi
[000297] 0297 0D     DEC C          AF=00c0 BC=0010 DE=00d8 HL=deff SP=fffe P1=004000 vc=13 bi
[000298] 0298 20F9   JR NZ,0293h    AF=0060 BC=000f DE=00d8 HL=deff SP=fffe P1=004000 vc=13 bi
[00029a] 029a 3E01   LD A,01h       AF=00c0 BC=0000 DE=00d8 HL=cfff SP=fffe P1=004000 vc=62 Bi
[00029c] 029c F3     DI             AF=01c0 BC=0000 DE=00d8 HL=cfff SP=fffe P1=004000 vc=62 Bi
[00029d] 029d E00F   LD (FF0Fh),A   AF=01c0 BC=0000 DE=00d8 HL=cfff SP=fffe P1=004000 vc=62 Bi
[00029f] 029f E0FF   LD (FFFFh),A   AF=01c0 BC=0000 DE=00d8 HL=cfff SP=fffe P1=004000 vc=62 Bi
[0002a1] 02a1 AF     XOR A          AF=01c0 BC=0000 DE=00d8 HL=cfff SP=fffe P1=004000 vc=62 BI
[0002a2] 02a2 E042   LD (FF42h),A   AF=0080 BC=0000 DE=00d8 HL=cfff SP=fffe P1=004000 vc=62 BI
[0002a4] 02a4 E043   LD (FF43h),A   AF=0080 BC=0000 DE=00d8 HL=cfff SP=fffe P1=004000 vc=62 BI
[0002a6] 02a6 E0A4   LD (FFA4h),A   AF=0080 BC=0000 DE=00d8 HL=cfff SP=fffe P1=004000 vc=62 BI
[0002a8] 02a8 E041   LD (FF41h),A   AF=0080 BC=0000 DE=00d8 HL=cfff SP=fffe P1=004000 vc=62 BI
[0002aa] 02aa E001   LD (FF01h),A   AF=0080 BC=0000 DE=00d8 HL=cfff SP=fffe P1=004000 vc=62 BI
[0002ac] 02ac E002   LD (FF02h),A   AF=0080 BC=0000 DE=00d8 HL=cfff SP=fffe P1=004000 vc=62 BI
[0002ae] 02ae 3E80   LD A,80h       AF=0080 BC=0000 DE=00d8 HL=cfff SP=fffe P1=004000 vc=62 BI
[0002b0] 02b0 E040   LD (FF40h),A   AF=8080 BC=0000 DE=00d8 HL=cfff SP=fffe P1=004000 vc=62 BI
[0002b2] 02b2 F044   LD A,(FF44h)   AF=8080 BC=0000 DE=00d8 HL=cfff SP=fffe P1=004000 vc=62 BI
[0002b4] 02b4 FE94   CP 94h         AF=3e80 BC=0000 DE=00d8 HL=cfff SP=fffe P1=004000 vc=62 BI
[0002b6] 02b6 20FA   JR NZ,02B2h    AF=3e50 BC=0000 DE=00d8 HL=cfff SP=fffe P1=004000 vc=62 BI
[0002b8] 02b8 3E03   LD A,03h       AF=94c0 BC=0000 DE=00d8 HL=cfff SP=fffe P1=004000 vc=148 bI
[0002ba] 02ba E040   LD (FF40h),A   AF=03c0 BC=0000 DE=00d8 HL=cfff SP=fffe P1=004000 vc=148 bI
[0002bc] 02bc 3EE4   LD A,E4h       AF=03c0 BC=0000 DE=00d8 HL=cfff SP=fffe P1=004000 vc=0 bI
[0002be] 02be E047   LD (FF47h),A   AF=e4c0 BC=0000 DE=00d8 HL=cfff SP=fffe P1=004000 vc=0 bI
[0002c0] 02c0 E048   LD (FF48h),A   AF=e4c0 BC=0000 DE=00d8 HL=cfff SP=fffe P1=004000 vc=0 bI
[0002c2] 02c2 3EC4   LD A,C4h       AF=e4c0 BC=0000 DE=00d8 HL=cfff SP=fffe P1=004000 vc=0 bI
[0002c4] 02c4 E049   LD (FF49h),A   AF=c4c0 BC=0000 DE=00d8 HL=cfff SP=fffe P1=004000 vc=0 bI
[0002c6] 02c6 2126FF LD HL,FF26h    AF=c4c0 BC=0000 DE=00d8 HL=cfff SP=fffe P1=004000 vc=0 bI
[0002c9] 02c9 3E80   LD A,80h       AF=c4c0 BC=0000 DE=00d8 HL=ff26 SP=fffe P1=004000 vc=0 bI
[0002cb] 02cb 32     LDD (HL),A     AF=80c0 BC=0000 DE=00d8 HL=ff26 SP=fffe P1=004000 vc=0 bI
[0002cc] 02cc 3EFF   LD A,FFh       AF=80c0 BC=0000 DE=00d8 HL=ff25 SP=fffe P1=004000 vc=0 bI
[0002ce] 02ce 32     LDD (HL),A     AF=ffc0 BC=0000 DE=00d8 HL=ff25 SP=fffe P1=004000 vc=0 bI
[0002cf] 02cf 3677   LD (HL),77h    AF=ffc0 BC=0000 DE=00d8 HL=ff24 SP=fffe P1=004000 vc=0 bI
[0002d1] 02d1 3E01   LD A,01h       AF=ffc0 BC=0000 DE=00d8 HL=ff24 SP=fffe P1=004000 vc=0 bI
[0002d3] 02d3 EA0020 LD (2000h),A   AF=01c0 BC=0000 DE=00d8 HL=ff24 SP=fffe P1=004000 vc=0 bI
[0002d6] 02d6 31FFCF LD SP,CFFFh    AF=01c0 BC=0000 DE=00d8 HL=ff24 SP=fffe P1=004000 vc=0 bI
[0002d9] 02d9 AF     XOR A          AF=01c0 BC=0000 DE=00d8 HL=ff24 SP=cfff P1=004000 vc=0 bI
[0002da] 02da 21FFDF LD HL,DFFFh    AF=0080 BC=0000 DE=00d8 HL=ff24 SP=cfff P1=004000 vc=0 bI
[0002dd] 02dd 0600   LD B,00h       AF=0080 BC=0000 DE=00d8 HL=dfff SP=cfff P1=004000 vc=0 bI
[0002df] 02df 32     LDD (HL),A     AF=0080 BC=0000 DE=00d8 HL=dfff SP=cfff P1=004000 vc=0 bI
[0002e0] 02e0 05     DEC B          AF=0080 BC=0000 DE=00d8 HL=dffe SP=cfff P1=004000 vc=0 bI
[0002e1] 02e1 20FC   JR NZ,02DFh    AF=0060 BC=ff00 DE=00d8 HL=dffe SP=cfff P1=004000 vc=0 bI
[0002e3] 02e3 21FFCF LD HL,CFFFh    AF=00c0 BC=0000 DE=00d8 HL=deff SP=cfff P1=004000 vc=0 bI
[0002e6] 02e6 0E10   LD C,10h       AF=00c0 BC=0000 DE=00d8 HL=cfff SP=cfff P1=004000 vc=0 bI
[0002e8] 02e8 0600   LD B,00h       AF=00c0 BC=0010 DE=00d8 HL=cfff SP=cfff P1=004000 vc=0 bI
[0002ea] 02ea 32     LDD (HL),A     AF=00c0 BC=0010 DE=00d8 HL=cfff SP=cfff P1=004000 vc=0 bI
[0002eb] 02eb 05     DEC B          AF=00c0 BC=0010 DE=00d8 HL=cffe SP=cfff P1=004000 vc=0 bI
[0002ec] 02ec 20FC   JR NZ,02EAh    AF=0060 BC=ff10 DE=00d8 HL=cffe SP=cfff P1=004000 vc=0 bI
[0002ee] 02ee 0D     DEC C          AF=00c0 BC=0010 DE=00d8 HL=ceff SP=cfff P1=004000 vc=0 bI
[0002ef] 02ef 20F9   JR NZ,02EAh    AF=0060 BC=000f DE=00d8 HL=ceff SP=cfff P1=004000 vc=0 bI
[0002f1] 02f1 21FF9F LD HL,9FFFh    AF=00c0 BC=0000 DE=00d8 HL=bfff SP=cfff P1=004000 vc=0 bI
[0002f4] 02f4 0E20   LD C,20h       AF=00c0 BC=0000 DE=00d8 HL=9fff SP=cfff P1=004000 vc=0 bI
[0002f6] 02f6 AF     XOR A          AF=00c0 BC=0020 DE=00d8 HL=9fff SP=cfff P1=004000 vc=0 bI
[0002f7] 02f7 0600   LD B,00h       AF=0080 BC=0020 DE=00d8 HL=9fff SP=cfff P1=004000 vc=0 bI
[0002f9] 02f9 32     LDD (HL),A     AF=0080 BC=0020 DE=00d8 HL=9fff SP=cfff P1=004000 vc=0 bI
[0002fa] 02fa 05     DEC B          AF=0080 BC=0020 DE=00d8 HL=9ffe SP=cfff P1=004000 vc=0 bI
[0002fb] 02fb 20FC   JR NZ,02F9h    AF=0060 BC=ff20 DE=00d8 HL=9ffe SP=cfff P1=004000 vc=0 bI
[0002fd] 02fd 0D     DEC C          AF=00c0 BC=0020 DE=00d8 HL=9eff SP=cfff P1=004000 vc=0 bI
[0002fe] 02fe 20F9   JR NZ,02F9h    AF=0060 BC=001f DE=00d8 HL=9eff SP=cfff P1=004000 vc=0 bI
[000300] 0300 21FFFE LD HL,FEFFh    AF=00c0 BC=0000 DE=00d8 HL=7fff SP=cfff P1=004000 vc=0 bI
[000303] 0303 0600   LD B,00h       AF=00c0 BC=0000 DE=00d8 HL=feff SP=cfff P1=004000 vc=0 bI
[000305] 0305 32     LDD (HL),A     AF=00c0 BC=0000 DE=00d8 HL=feff SP=cfff P1=004000 vc=0 bI
[000306] 0306 05     DEC B          AF=00c0 BC=0000 DE=00d8 HL=fefe SP=cfff P1=004000 vc=0 bI
[000307] 0307 20FC   JR NZ,0305h    AF=0060 BC=ff00 DE=00d8 HL=fefe SP=cfff P1=004000 vc=0 bI
[000309] 0309 21FEFF LD HL,FFFEh    AF=00c0 BC=0000 DE=00d8 HL=fdff SP=cfff P1=004000 vc=0 bI
[00030c] 030c 0680   LD B,80h       AF=00c0 BC=0000 DE=00d8 HL=fffe SP=cfff P1=004000 vc=0 bI
[00030e] 030e 32     LDD (HL),A     AF=00c0 BC=8000 DE=00d8 HL=fffe SP=cfff P1=004000 vc=0 bI
[00030f] 030f 05     DEC B          AF=00c0 BC=8000 DE=00d8 HL=fffd SP=cfff P1=004000 vc=0 bI
[000310] 0310 20FC   JR NZ,030Eh    AF=0060 BC=7f00 DE=00d8 HL=fffd SP=cfff P1=004000 vc=0 bI
[000312] 0312 0EB6   LD C,B6h       AF=00c0 BC=0000 DE=00d8 HL=ff7e SP=cfff P1=004000 vc=0 bI
[000314] 0314 060C   LD B,0Ch       AF=00c0 BC=00b6 DE=00d8 HL=ff7e SP=cfff P1=004000 vc=0 bI
[000316] 0316 21C72A LD HL,2AC7h    AF=00c0 BC=0cb6 DE=00d8 HL=ff7e SP=cfff P1=004000 vc=0 bI
[000319] 0319 2A     LDI A,(HL)     AF=00c0 BC=0cb6 DE=00d8 HL=2ac7 SP=cfff P1=004000 vc=0 bI
[00031a] 031a E2     LD (FF00h+C),A AF=3ec0 BC=0cb6 DE=00d8 HL=2ac8 SP=cfff P1=004000 vc=0 bI
[00031b] 031b 0C     INC C          AF=3ec0 BC=0cb6 DE=00d8 HL=2ac8 SP=cfff P1=004000 vc=0 bI
[00031c] 031c 05     DEC B          AF=3e00 BC=0cb7 DE=00d8 HL=2ac8 SP=cfff P1=004000 vc=0 bI
[00031d] 031d 20FA   JR NZ,0319h    AF=3e40 BC=0bb7 DE=00d8 HL=2ac8 SP=cfff P1=004000 vc=0 bI
[00031f] 031f CDE927 CALL 27E9h     AF=e0c0 BC=00c2 DE=00d8 HL=2ad3 SP=cfff P1=004000 vc=0 bI
[0027e9] 27e9 21FF9B LD HL,9BFFh    AF=e0c0 BC=00c2 DE=00d8 HL=2ad3 SP=cffd P1=004000 vc=0 bI
[0027ec] 27ec 010004 LD BC,0400h    AF=e0c0 BC=00c2 DE=00d8 HL=9bff SP=cffd P1=004000 vc=0 bI
[0027ef] 27ef 3E2F   LD A,2Fh       AF=e0c0 BC=0400 DE=00d8 HL=9bff SP=cffd P1=004000 vc=0 bI
[0027f1] 27f1 32     LDD (HL),A     AF=2fc0 BC=0400 DE=00d8 HL=9bff SP=cffd P1=004000 vc=0 bI
[0027f2] 27f2 0B     DEC BC         AF=2fc0 BC=0400 DE=00d8 HL=9bfe SP=cffd P1=004000 vc=0 bI
[0027f3] 27f3 78     LD A,B         AF=2fc0 BC=03ff DE=00d8 HL=9bfe SP=cffd P1=004000 vc=0 bI
[0027f4] 27f4 B1     OR C           AF=03c0 BC=03ff DE=00d8 HL=9bfe SP=cffd P1=004000 vc=0 bI
[0027f5] 27f5 20F8   JR NZ,27EFh    AF=ff00 BC=03ff DE=00d8 HL=9bfe SP=cffd P1=004000 vc=0 bI
[0027f7] 27f7 C9     RET            AF=0080 BC=0000 DE=00d8 HL=97ff SP=cffd P1=004000 vc=0 bI
[000322] 0322 CDF37F CALL 7FF3h     AF=0080 BC=0000 DE=00d8 HL=97ff SP=cfff P1=004000 vc=0 bI
[007ff3] 7ff3 C3D669 JP 69D6h       AF=0080 BC=0000 DE=00d8 HL=97ff SP=cffd P1=004000 vc=0 bI
[0069d6] 69d6 AF     XOR A          AF=0080 BC=0000 DE=00d8 HL=97ff SP=cffd P1=004000 vc=0 bI
[0069d7] 69d7 EAE1DF LD (DFE1h),A   AF=0080 BC=0000 DE=00d8 HL=97ff SP=cffd P1=004000 vc=0 bI
[0069da] 69da EAE9DF LD (DFE9h),A   AF=0080 BC=0000 DE=00d8 HL=97ff SP=cffd P1=004000 vc=0 bI
[0069dd] 69dd EAF1DF LD (DFF1h),A   AF=0080 BC=0000 DE=00d8 HL=97ff SP=cffd P1=004000 vc=0 bI
[0069e0] 69e0 EAF9DF LD (DFF9h),A   AF=0080 BC=0000 DE=00d8 HL=97ff SP=cffd P1=004000 vc=0 bI
[0069e3] 69e3 EA9FDF LD (DF9Fh),A   AF=0080 BC=0000 DE=00d8 HL=97ff SP=cffd P1=004000 vc=0 bI
[0069e6] 69e6 EAAFDF LD (DFAFh),A   AF=0080 BC=0000 DE=00d8 HL=97ff SP=cffd P1=004000 vc=0 bI
[0069e9] 69e9 EABFDF LD (DFBFh),A   AF=0080 BC=0000 DE=00d8 HL=97ff SP=cffd P1=004000 vc=0 bI
[0069ec] 69ec EACFDF LD (DFCFh),A   AF=0080 BC=0000 DE=00d8 HL=97ff SP=cffd P1=004000 vc=0 bI
[0069ef] 69ef 3EFF   LD A,FFh       AF=0080 BC=0000 DE=00d8 HL=97ff SP=cffd P1=004000 vc=0 bI
[0069f1] 69f1 E025   LD (FF25h),A   AF=ff80 BC=0000 DE=00d8 HL=97ff SP=cffd P1=004000 vc=0 bI
[0069f3] 69f3 3E03   LD A,03h       AF=ff80 BC=0000 DE=00d8 HL=97ff SP=cffd P1=004000 vc=0 bI
[0069f5] 69f5 EA78DF LD (DF78h),A   AF=0380 BC=0000 DE=00d8 HL=97ff SP=cffd P1=004000 vc=0 bI
[0069f8] 69f8 3E08   LD A,08h       AF=0380 BC=0000 DE=00d8 HL=97ff SP=cffd P1=004000 vc=0 bI
[0069fa] 69fa E012   LD (FF12h),A   AF=0880 BC=0000 DE=00d8 HL=97ff SP=cffd P1=004000 vc=0 bI
[0069fc] 69fc E017   LD (FF17h),A   AF=0880 BC=0000 DE=00d8 HL=97ff SP=cffd P1=004000 vc=0 bI
[0069fe] 69fe E021   LD (FF21h),A   AF=0880 BC=0000 DE=00d8 HL=97ff SP=cffd P1=004000 vc=0 bI
[006a00] 6a00 3E80   LD A,80h       AF=0880 BC=0000 DE=00d8 HL=97ff SP=cffd P1=004000 vc=0 bI
[006a02] 6a02 E014   LD (FF14h),A   AF=8080 BC=0000 DE=00d8 HL=97ff SP=cffd P1=004000 vc=0 bI
[006a04] 6a04 E019   LD (FF19h),A   AF=8080 BC=0000 DE=00d8 HL=97ff SP=cffd P1=004000 vc=0 bI
[006a06] 6a06 E023   LD (FF23h),A   AF=8080 BC=0000 DE=00d8 HL=97ff SP=cffd P1=004000 vc=0 bI
[006a08] 6a08 AF     XOR A          AF=8080 BC=0000 DE=00d8 HL=97ff SP=cffd P1=004000 vc=0 bI
[006a09] 6a09 E010   LD (FF10h),A   AF=0080 BC=0000 DE=00d8 HL=97ff SP=cffd P1=004000 vc=0 bI
[006a0b] 6a0b E01A   LD (FF1Ah),A   AF=0080 BC=0000 DE=00d8 HL=97ff SP=cffd P1=004000 vc=0 bI
[006a0d] 6a0d C9     RET            AF=0080 BC=0000 DE=00d8 HL=97ff SP=cffd P1=004000 vc=0 bI
[000325] 0325 3E09   LD A,09h       AF=0080 BC=0000 DE=00d8 HL=97ff SP=cfff P1=004000 vc=0 bI
[000327] 0327 E0FF   LD (FFFFh),A   AF=0980 BC=0000 DE=00d8 HL=97ff SP=cfff P1=004000 vc=0 bI
[000329] 0329 3E37   LD A,37h       AF=0980 BC=0000 DE=00d8 HL=97ff SP=cfff P1=004000 vc=0 bI
[00032b] 032b E0C0   LD (FFC0h),A   AF=3780 BC=0000 DE=00d8 HL=97ff SP=cfff P1=004000 vc=0 bI
[00032d] 032d 3E1C   LD A,1Ch       AF=3780 BC=0000 DE=00d8 HL=97ff SP=cfff P1=004000 vc=0 bI
[00032f] 032f E0C1   LD (FFC1h),A   AF=1c80 BC=0000 DE=00d8 HL=97ff SP=cfff P1=004000 vc=0 bI
[000331] 0331 3E24   LD A,24h       AF=1c80 BC=0000 DE=00d8 HL=97ff SP=cfff P1=004000 vc=0 bI
[000333] 0333 E0E1   LD (FFE1h),A   AF=2480 BC=0000 DE=00d8 HL=97ff SP=cfff P1=004000 vc=0 bI
[000335] 0335 3E80   LD A,80h       AF=2480 BC=0000 DE=00d8 HL=97ff SP=cfff P1=004000 vc=0 bI
[000337] 0337 E040   LD (FF40h),A   AF=8080 BC=0000 DE=00d8 HL=97ff SP=cfff P1=004000 vc=0 bI
[000339] 0339 FB     EI             AF=8080 BC=0000 DE=00d8 HL=97ff SP=cfff P1=004000 vc=0 bI
[00033a] 033a AF     XOR A          AF=8080 BC=0000 DE=00d8 HL=97ff SP=cfff P1=004000 vc=0 bI
[000040] 0040 C3FD01 JP 01FDh       AF=0080 BC=0000 DE=00d8 HL=97ff SP=cffd P1=004000 vc=0 bI
[0001fd] 01fd F5     PUSH AF        AF=0080 BC=0000 DE=00d8 HL=97ff SP=cffd P1=004000 vc=0 bI
[0001fe] 01fe C5     PUSH BC        AF=0080 BC=0000 DE=00d8 HL=97ff SP=cffb P1=004000 vc=0 bI
[0001ff] 01ff D5     PUSH DE        AF=0080 BC=0000 DE=00d8 HL=97ff SP=cff9 P1=004000 vc=0 bI
[000200] 0200 E5     PUSH HL        AF=0080 BC=0000 DE=00d8 HL=97ff SP=cff7 P1=004000 vc=0 bI
[000201] 0201 F0CE   LD A,(FFCEh)   AF=0080 BC=0000 DE=00d8 HL=97ff SP=cff5 P1=004000 vc=0 bI
[000203] 0203 A7     AND A          AF=0080 BC=0000 DE=00d8 HL=97ff SP=cff5 P1=004000 vc=0 bI
[000204] 0204 2812   JR Z,0218h     AF=00a0 BC=0000 DE=00d8 HL=97ff SP=cff5 P1=004000 vc=0 bI
[000218] 0218 CD4022 CALL 2240h     AF=00a0 BC=0000 DE=00d8 HL=97ff SP=cff5 P1=004000 vc=0 bI
[002240] 2240 F098   LD A,(FF98h)   AF=00a0 BC=0000 DE=00d8 HL=97ff SP=cff3 P1=004000 vc=0 bI
[002242] 2242 FE03   CP 03h         AF=00a0 BC=0000 DE=00d8 HL=97ff SP=cff3 P1=004000 vc=0 bI
[002244] 2244 C0     RET NZ         AF=0070 BC=0000 DE=00d8 HL=97ff SP=cff3 P1=004000 vc=0 bI
[00021b] 021b CD2C24 CALL 242Ch     AF=0070 BC=0000 DE=00d8 HL=97ff SP=cff5 P1=004000 vc=0 bI
[00242c] 242c F0E3   LD A,(FFE3h)   AF=0070 BC=0000 DE=00d8 HL=97ff SP=cff3 P1=004000 vc=0 bI
[00242e] 242e FE13   CP 13h         AF=0070 BC=0000 DE=00d8 HL=97ff SP=cff3 P1=004000 vc=0 bI
[002430] 2430 C0     RET NZ         AF=0070 BC=0000 DE=00d8 HL=97ff SP=cff3 P1=004000 vc=0 bI
[00021e] 021e CD1724 CALL 2417h     AF=0070 BC=0000 DE=00d8 HL=97ff SP=cff5 P1=004000 vc=0 bI
[002417] 2417 F0E3   LD A,(FFE3h)   AF=0070 BC=0000 DE=00d8 HL=97ff SP=cff3 P1=004000 vc=0 bI
[002419] 2419 FE12   CP 12h         AF=0070 BC=0000 DE=00d8 HL=97ff SP=cff3 P1=004000 vc=0 bI
[00241b] 241b C0     RET NZ         AF=0070 BC=0000 DE=00d8 HL=97ff SP=cff3 P1=004000 vc=0 bI
[000221] 0221 CDFE23 CALL 23FEh     AF=0070 BC=0000 DE=00d8 HL=97ff SP=cff5 P1=004000 vc=0 bI
[0023fe] 23fe F0E3   LD A,(FFE3h)   AF=0070 BC=0000 DE=00d8 HL=97ff SP=cff3 P1=004000 vc=0 bI
[002400] 2400 FE11   CP 11h         AF=0070 BC=0000 DE=00d8 HL=97ff SP=cff3 P1=004000 vc=0 bI
[002402] 2402 C0     RET NZ         AF=0070 BC=0000 DE=00d8 HL=97ff SP=cff3 P1=004000 vc=0 bI
[000224] 0224 CDEC23 CALL 23ECh     AF=0070 BC=0000 DE=00d8 HL=97ff SP=cff5 P1=004000 vc=0 bI
[0023ec] 23ec F0E3   LD A,(FFE3h)   AF=0070 BC=0000 DE=00d8 HL=97ff SP=cff3 P1=004000 vc=0 bI
[0023ee] 23ee FE10   CP 10h         AF=0070 BC=0000 DE=00d8 HL=97ff SP=cff3 P1=004000 vc=0 bI
[0023f0] 23f0 C0     RET NZ         AF=0050 BC=0000 DE=00d8 HL=97ff SP=cff3 P1=004000 vc=0 bI
[000227] 0227 CDDD23 CALL 23DDh     AF=0050 BC=0000 DE=00d8 HL=97ff SP=cff5 P1=004000 vc=0 bI
[0023dd] 23dd F0E3   LD A,(FFE3h)   AF=0050 BC=0000 DE=00d8 HL=97ff SP=cff3 P1=004000 vc=0 bI
[0023df] 23df FE0F   CP 0Fh         AF=0050 BC=0000 DE=00d8 HL=97ff SP=cff3 P1=004000 vc=0 bI
[0023e1] 23e1 C0     RET NZ         AF=0070 BC=0000 DE=00d8 HL=97ff SP=cff3 P1=004000 vc=0 bI
[00022a] 022a CDCE23 CALL 23CEh     AF=0070 BC=0000 DE=00d8 HL=97ff SP=cff5 P1=004000 vc=0 bI
[0023ce] 23ce F0E3   LD A,(FFE3h)   AF=0070 BC=0000 DE=00d8 HL=97ff SP=cff3 P1=004000 vc=0 bI
[0023d0] 23d0 FE0E   CP 0Eh         AF=0070 BC=0000 DE=00d8 HL=97ff SP=cff3 P1=004000 vc=0 bI
[0023d2] 23d2 C0     RET NZ         AF=0070 BC=0000 DE=00d8 HL=97ff SP=cff3 P1=004000 vc=0 bI
[00022d] 022d CDBF23 CALL 23BFh     AF=0070 BC=0000 DE=00d8 HL=97ff SP=cff5 P1=004000 vc=0 bI
[0023bf] 23bf F0E3   LD A,(FFE3h)   AF=0070 BC=0000 DE=00d8 HL=97ff SP=cff3 P1=004000 vc=0 bI
[0023c1] 23c1 FE0D   CP 0Dh         AF=0070 BC=0000 DE=00d8 HL=97ff SP=cff3 P1=004000 vc=0 bI
[0023c3] 23c3 C0     RET NZ         AF=0070 BC=0000 DE=00d8 HL=97ff SP=cff3 P1=004000 vc=0 bI
[000230] 0230 CDB023 CALL 23B0h     AF=0070 BC=0000 DE=00d8 HL=97ff SP=cff5 P1=004000 vc=0 bI
[0023b0] 23b0 F0E3   LD A,(FFE3h)   AF=0070 BC=0000 DE=00d8 HL=97ff SP=cff3 P1=004000 vc=0 bI
[0023b2] 23b2 FE0C   CP 0Ch         AF=0070 BC=0000 DE=00d8 HL=97ff SP=cff3 P1=004000 vc=0 bI
[0023b4] 23b4 C0     RET NZ         AF=0070 BC=0000 DE=00d8 HL=97ff SP=cff3 P1=004000 vc=0 bI
[000233] 0233 CDA123 CALL 23A1h     AF=0070 BC=0000 DE=00d8 HL=97ff SP=cff5 P1=004000 vc=0 bI
[0023a1] 23a1 F0E3   LD A,(FFE3h)   AF=0070 BC=0000 DE=00d8 HL=97ff SP=cff3 P1=004000 vc=0 bI
[0023a3] 23a3 FE0B   CP 0Bh         AF=0070 BC=0000 DE=00d8 HL=97ff SP=cff3 P1=004000 vc=0 bI
[0023a5] 23a5 C0     RET NZ         AF=0070 BC=0000 DE=00d8 HL=97ff SP=cff3 P1=004000 vc=0 bI
[000236] 0236 CD9223 CALL 2392h     AF=0070 BC=0000 DE=00d8 HL=97ff SP=cff5 P1=004000 vc=0 bI
[002392] 2392 F0E3   LD A,(FFE3h)   AF=0070 BC=0000 DE=00d8 HL=97ff SP=cff3 P1=004000 vc=0 bI
[002394] 2394 FE0A   CP 0Ah         AF=0070 BC=0000 DE=00d8 HL=97ff SP=cff3 P1=004000 vc=0 bI
[002396] 2396 C0     RET NZ         AF=0070 BC=0000 DE=00d8 HL=97ff SP=cff3 P1=004000 vc=0 bI
[000239] 0239 CD8323 CALL 2383h     AF=0070 BC=0000 DE=00d8 HL=97ff SP=cff5 P1=004000 vc=0 bI
[002383] 2383 F0E3   LD A,(FFE3h)   AF=0070 BC=0000 DE=00d8 HL=97ff SP=cff3 P1=004000 vc=0 bI
[002385] 2385 FE09   CP 09h         AF=0070 BC=0000 DE=00d8 HL=97ff SP=cff3 P1=004000 vc=0 bI
[002387] 2387 C0     RET NZ         AF=0070 BC=0000 DE=00d8 HL=97ff SP=cff3 P1=004000 vc=0 bI
[00023c] 023c CD5823 CALL 2358h     AF=0070 BC=0000 DE=00d8 HL=97ff SP=cff5 P1=004000 vc=0 bI
[002358] 2358 F0E3   LD A,(FFE3h)   AF=0070 BC=0000 DE=00d8 HL=97ff SP=cff3 P1=004000 vc=0 bI
[00235a] 235a FE08   CP 08h         AF=0070 BC=0000 DE=00d8 HL=97ff SP=cff3 P1=004000 vc=0 bI
[00235c] 235c C0     RET NZ         AF=0070 BC=0000 DE=00d8 HL=97ff SP=cff3 P1=004000 vc=0 bI
[00023f] 023f CD4923 CALL 2349h     AF=0070 BC=0000 DE=00d8 HL=97ff SP=cff5 P1=004000 vc=0 bI
[002349] 2349 F0E3   LD A,(FFE3h)   AF=0070 BC=0000 DE=00d8 HL=97ff SP=cff3 P1=004000 vc=0 bI
[00234b] 234b FE07   CP 07h         AF=0070 BC=0000 DE=00d8 HL=97ff SP=cff3 P1=004000 vc=0 bI
[00234d] 234d C0     RET NZ         AF=0070 BC=0000 DE=00d8 HL=97ff SP=cff3 P1=004000 vc=0 bI
[000242] 0242 CD3A23 CALL 233Ah     AF=0070 BC=0000 DE=00d8 HL=97ff SP=cff5 P1=004000 vc=0 bI
[00233a] 233a F0E3   LD A,(FFE3h)   AF=0070 BC=0000 DE=00d8 HL=97ff SP=cff3 P1=004000 vc=0 bI
[00233c] 233c FE06   CP 06h         AF=0070 BC=0000 DE=00d8 HL=97ff SP=cff3 P1=004000 vc=0 bI
[00233e] 233e C0     RET NZ         AF=0070 BC=0000 DE=00d8 HL=97ff SP=cff3 P1=004000 vc=0 bI
[000245] 0245 CD2B23 CALL 232Bh     AF=0070 BC=0000 DE=00d8 HL=97ff SP=cff5 P1=004000 vc=0 bI
[00232b] 232b F0E3   LD A,(FFE3h)   AF=0070 BC=0000 DE=00d8 HL=97ff SP=cff3 P1=004000 vc=0 bI
[00232d] 232d FE05   CP 05h         AF=0070 BC=0000 DE=00d8 HL=97ff SP=cff3 P1=004000 vc=0 bI
[00232f] 232f C0     RET NZ         AF=0070 BC=0000 DE=00d8 HL=97ff SP=cff3 P1=004000 vc=0 bI
[000248] 0248 CD1C23 CALL 231Ch     AF=0070 BC=0000 DE=00d8 HL=97ff SP=cff5 P1=004000 vc=0 bI
[00231c] 231c F0E3   LD A,(FFE3h)   AF=0070 BC=0000 DE=00d8 HL=97ff SP=cff3 P1=004000 vc=0 bI
[00231e] 231e FE04   CP 04h         AF=0070 BC=0000 DE=00d8 HL=97ff SP=cff3 P1=004000 vc=0 bI
[002320] 2320 C0     RET NZ         AF=0070 BC=0000 DE=00d8 HL=97ff SP=cff3 P1=004000 vc=0 bI
[00024b] 024b CD0D23 CALL 230Dh     AF=0070 BC=0000 DE=00d8 HL=97ff SP=cff5 P1=004000 vc=0 bI
[00230d] 230d F0E3   LD A,(FFE3h)   AF=0070 BC=0000 DE=00d8 HL=97ff SP=cff3 P1=004000 vc=0 bI
[00230f] 230f FE03   CP 03h         AF=0070 BC=0000 DE=00d8 HL=97ff SP=cff3 P1=004000 vc=0 bI
[002311] 2311 C0     RET NZ         AF=0070 BC=0000 DE=00d8 HL=97ff SP=cff3 P1=004000 vc=0 bI
[00024e] 024e CDFE22 CALL 22FEh     AF=0070 BC=0000 DE=00d8 HL=97ff SP=cff5 P1=004000 vc=0 bI
[0022fe] 22fe F0E3   LD A,(FFE3h)   AF=0070 BC=0000 DE=00d8 HL=97ff SP=cff3 P1=004000 vc=0 bI
[002300] 2300 FE02   CP 02h         AF=0070 BC=0000 DE=00d8 HL=97ff SP=cff3 P1=004000 vc=0 bI
[002302] 2302 C0     RET NZ         AF=0070 BC=0000 DE=00d8 HL=97ff SP=cff3 P1=004000 vc=0 bI
[000251] 0251 CD321F CALL 1F32h     AF=0070 BC=0000 DE=00d8 HL=97ff SP=cff5 P1=004000 vc=0 bI
[001f32] 1f32 FAC6C0 LD A,(C0C6h)   AF=0070 BC=0000 DE=00d8 HL=97ff SP=cff3 P1=004000 vc=0 bI
[001f35] 1f35 A7     AND A          AF=0070 BC=0000 DE=00d8 HL=97ff SP=cff3 P1=004000 vc=0 bI
[001f36] 1f36 C8     RET Z          AF=00a0 BC=0000 DE=00d8 HL=97ff SP=cff3 P1=004000 vc=0 bI
[000254] 0254 CDB6FF CALL FFB6h     AF=00a0 BC=0000 DE=00d8 HL=97ff SP=cff5 P1=004000 vc=0 bI
[01a7ce] ffb6 3EC0   LD A,C0h       AF=00a0 BC=0000 DE=00d8 HL=97ff SP=cff3 P1=004000 vc=0 bI
[01a7d0] ffb8 E046   LD (FF46h),A   AF=c0a0 BC=0000 DE=00d8 HL=97ff SP=cff3 P1=004000 vc=0 bI
[01a7d2] ffba 3E28   LD A,28h       AF=c0a0 BC=0000 DE=00d8 HL=97ff SP=cff3 P1=004000 vc=0 bI
[01a7d4] ffbc 3D     DEC A          AF=28a0 BC=0000 DE=00d8 HL=97ff SP=cff3 P1=004000 vc=0 bI
[01a7d5] ffbd 20FD   JR NZ,FFBCh    AF=2740 BC=0000 DE=00d8 HL=97ff SP=cff3 P1=004000 vc=0 bI
[01a7d7] ffbf C9     RET            AF=00c0 BC=0000 DE=00d8 HL=97ff SP=cff3 P1=004000 vc=0 bI
[000257] 0257 CD2E19 CALL 192Eh     AF=00c0 BC=0000 DE=00d8 HL=97ff SP=cff5 P1=004000 vc=0 bI
[00192e] 192e F0E8   LD A,(FFE8h)   AF=00c0 BC=0000 DE=00d8 HL=97ff SP=cff3 P1=004000 vc=0 bI
[001930] 1930 A7     AND A          AF=00c0 BC=0000 DE=00d8 HL=97ff SP=cff3 P1=004000 vc=0 bI
[001931] 1931 C8     RET Z          AF=00a0 BC=0000 DE=00d8 HL=97ff SP=cff3 P1=004000 vc=0 bI
[00025a] 025a FACEC0 LD A,(C0CEh)   AF=00a0 BC=0000 DE=00d8 HL=97ff SP=cff5 P1=004000 vc=0 bI
[00025d] 025d A7     AND A          AF=00a0 BC=0000 DE=00d8 HL=97ff SP=cff5 P1=004000 vc=0 bI
[00025e] 025e 281A   JR Z,027Ah     AF=00a0 BC=0000 DE=00d8 HL=97ff SP=cff5 P1=004000 vc=0 bI
[00027a] 027a 21E2FF LD HL,FFE2h    AF=00a0 BC=0000 DE=00d8 HL=97ff SP=cff5 P1=004000 vc=0 bI
[00027d] 027d 34     INC (HL)       AF=00a0 BC=0000 DE=00d8 HL=ffe2 SP=cff5 P1=004000 vc=0 bI
[00027e] 027e AF     XOR A          AF=0000 BC=0000 DE=00d8 HL=ffe2 SP=cff5 P1=004000 vc=0 bI
[00027f] 027f E043   LD (FF43h),A   AF=0080 BC=0000 DE=00d8 HL=ffe2 SP=cff5 P1=004000 vc=0 bI
[000281] 0281 E042   LD (FF42h),A   AF=0080 BC=0000 DE=00d8 HL=ffe2 SP=cff5 P1=004000 vc=0 bI
[000283] 0283 3C     INC A          AF=0080 BC=0000 DE=00d8 HL=ffe2 SP=cff5 P1=004000 vc=0 bI
[000284] 0284 E085   LD (FF85h),A   AF=0100 BC=0000 DE=00d8 HL=ffe2 SP=cff5 P1=004000 vc=0 bI
[000286] 0286 E1     POP HL         AF=0100 BC=0000 DE=00d8 HL=ffe2 SP=cff5 P1=004000 vc=0 bI
[000287] 0287 D1     POP DE         AF=0100 BC=0000 DE=00d8 HL=97ff SP=cff7 P1=004000 vc=0 bI
[000288] 0288 C1     POP BC         AF=0100 BC=0000 DE=00d8 HL=97ff SP=cff9 P1=004000 vc=0 bI
[000289] 0289 F1     POP AF         AF=0100 BC=0000 DE=00d8 HL=97ff SP=cffb P1=004000 vc=0 bI
[00028a] 028a D9     RETI           AF=0080 BC=0000 DE=00d8 HL=97ff SP=cffd P1=004000 vc=0 bI
[00033b] 033b E00F   LD (FF0Fh),A   AF=0080 BC=0000 DE=00d8 HL=97ff SP=cfff P1=004000 vc=0 bI
[00033d] 033d E04A   LD (FF4Ah),A   AF=0080 BC=0000 DE=00d8 HL=97ff SP=cfff P1=004000 vc=0 bI
[00033f] 033f E04B   LD (FF4Bh),A   AF=0080 BC=0000 DE=00d8 HL=97ff SP=cfff P1=004000 vc=0 bI
[000341] 0341 E006   LD (FF06h),A   AF=0080 BC=0000 DE=00d8 HL=97ff SP=cfff P1=004000 vc=0 bI
[000343] 0343 CDFA29 CALL 29FAh     AF=0080 BC=0000 DE=00d8 HL=97ff SP=cfff P1=004000 vc=0 bI
[0029fa] 29fa 3E20   LD A,20h       AF=0080 BC=0000 DE=00d8 HL=97ff SP=cffd P1=004000 vc=0 bI
[0029fc] 29fc E000   LD (FF00h),A   AF=2080 BC=0000 DE=00d8 HL=97ff SP=cffd P1=004000 vc=0 bI
[0029fe] 29fe F000   LD A,(FF00h)   AF=2080 BC=0000 DE=00d8 HL=97ff SP=cffd P1=004000 vc=0 bI
[002a00] 2a00 F000   LD A,(FF00h)   AF=2f80 BC=0000 DE=00d8 HL=97ff SP=cffd P1=004000 vc=0 bI
[002a02] 2a02 2F     CPL            AF=2f80 BC=0000 DE=00d8 HL=97ff SP=cffd P1=004000 vc=0 bI
[002a03] 2a03 E60F   AND 0Fh        AF=d0e0 BC=0000 DE=00d8 HL=97ff SP=cffd P1=004000 vc=0 bI
[002a05] 2a05 CB37   SWAP A         AF=00a0 BC=0000 DE=00d8 HL=97ff SP=cffd P1=004000 vc=0 bI
[002a07] 2a07 47     LD B,A         AF=0080 BC=0000 DE=00d8 HL=97ff SP=cffd P1=004000 vc=0 bI
[002a08] 2a08 3E10   LD A,10h       AF=0080 BC=0000 DE=00d8 HL=97ff SP=cffd P1=004000 vc=0 bI
[002a0a] 2a0a E000   LD (FF00h),A   AF=1080 BC=0000 DE=00d8 HL=97ff SP=cffd P1=004000 vc=0 bI
[002a0c] 2a0c F000   LD A,(FF00h)   AF=1080 BC=0000 DE=00d8 HL=97ff SP=cffd P1=004000 vc=0 bI
[002a0e] 2a0e F000   LD A,(FF00h)   AF=1f80 BC=0000 DE=00d8 HL=97ff SP=cffd P1=004000 vc=0 bI
[002a10] 2a10 F000   LD A,(FF00h)   AF=1f80 BC=0000 DE=00d8 HL=97ff SP=cffd P1=004000 vc=0 bI
[002a12] 2a12 F000   LD A,(FF00h)   AF=1f80 BC=0000 DE=00d8 HL=97ff SP=cffd P1=004000 vc=0 bI
[002a14] 2a14 F000   LD A,(FF00h)   AF=1f80 BC=0000 DE=00d8 HL=97ff SP=cffd P1=004000 vc=0 bI
[002a16] 2a16 F000   LD A,(FF00h)   AF=1f80 BC=0000 DE=00d8 HL=97ff SP=cffd P1=004000 vc=0 bI
[002a18] 2a18 2F     CPL            AF=1f80 BC=0000 DE=00d8 HL=97ff SP=cffd P1=004000 vc=0 bI
[002a19] 2a19 E60F   AND 0Fh        AF=e0e0 BC=0000 DE=00d8 HL=97ff SP=cffd P1=004000 vc=0 bI
[002a1b] 2a1b B0     OR B           AF=00a0 BC=0000 DE=00d8 HL=97ff SP=cffd P1=004000 vc=0 bI
[002a1c] 2a1c 4F     LD C,A         AF=0080 BC=0000 DE=00d8 HL=97ff SP=cffd P1=004000 vc=0 bI
[002a1d] 2a1d F080   LD A,(FF80h)   AF=0080 BC=0000 DE=00d8 HL=97ff SP=cffd P1=004000 vc=0 bI
[002a1f] 2a1f A9     XOR C          AF=0080 BC=0000 DE=00d8 HL=97ff SP=cffd P1=004000 vc=0 bI
[002a20] 2a20 A1     AND C          AF=0080 BC=0000 DE=00d8 HL=97ff SP=cffd P1=004000 vc=0 bI
[002a21] 2a21 E081   LD (FF81h),A   AF=00a0 BC=0000 DE=00d8 HL=97ff SP=cffd P1=004000 vc=0 bI
[002a23] 2a23 79     LD A,C         AF=00a0 BC=0000 DE=00d8 HL=97ff SP=cffd P1=004000 vc=0 bI
[002a24] 2a24 E080   LD (FF80h),A   AF=00a0 BC=0000 DE=00d8 HL=97ff SP=cffd P1=004000 vc=0 bI
[002a26] 2a26 3E30   LD A,30h       AF=00a0 BC=0000 DE=00d8 HL=97ff SP=cffd P1=004000 vc=0 bI
[002a28] 2a28 E000   LD (FF00h),A   AF=30a0 BC=0000 DE=00d8 HL=97ff SP=cffd P1=004000 vc=0 bI
[002a2a] 2a2a C9     RET            AF=30a0 BC=0000 DE=00d8 HL=97ff SP=cffd P1=004000 vc=0 bI
[000346] 0346 CD7703 CALL 0377h     AF=30a0 BC=0000 DE=00d8 HL=97ff SP=cfff P1=004000 vc=0 bI
[000377] 0377 F0E1   LD A,(FFE1h)   AF=30a0 BC=0000 DE=00d8 HL=97ff SP=cffd P1=004000 vc=0 bI
[000379] 0379 EF     RST 28         AF=24a0 BC=0000 DE=00d8 HL=97ff SP=cffd P1=004000 vc=0 bI
[000028] 0028 87     ADD A,A        AF=24a0 BC=0000 DE=00d8 HL=97ff SP=cffb P1=004000 vc=0 bI
[000029] 0029 E1     POP HL         AF=4800 BC=0000 DE=00d8 HL=97ff SP=cffb P1=004000 vc=0 bI
[00002a] 002a 5F     LD E,A         AF=4800 BC=0000 DE=00d8 HL=037a SP=cffd P1=004000 vc=0 bI
[00002b] 002b 1600   LD D,00h       AF=4800 BC=0000 DE=0048 HL=037a SP=cffd P1=004000 vc=0 bI
[00002d] 002d 19     ADD HL,DE      AF=4800 BC=0000 DE=0048 HL=037a SP=cffd P1=004000 vc=0 bI
[00002e] 002e 5E     LD E,(HL)      AF=4800 BC=0000 DE=0048 HL=03c2 SP=cffd P1=004000 vc=0 bI
[00002f] 002f 23     INC HL         AF=4800 BC=0000 DE=00e6 HL=03c2 SP=cffd P1=004000 vc=0 bI
[000030] 0030 56     LD D,(HL)      AF=4800 BC=0000 DE=00e6 HL=03c3 SP=cffd P1=004000 vc=0 bI
[000031] 0031 D5     PUSH DE        AF=4800 BC=0000 DE=03e6 HL=03c3 SP=cffd P1=004000 vc=0 bI
[000032] 0032 E1     POP HL         AF=4800 BC=0000 DE=03e6 HL=03c3 SP=cffb P1=004000 vc=0 bI
[000033] 0033 E9     LD PC,HL       AF=4800 BC=0000 DE=03e6 HL=03e6 SP=cffd P1=004000 vc=0 bI
[0003e6] 03e6 CD7428 CALL 2874h     AF=4800 BC=0000 DE=03e6 HL=03e6 SP=cffd P1=004000 vc=0 bI
[002874] 2874 F0FF   LD A,(FFFFh)   AF=4800 BC=0000 DE=03e6 HL=03e6 SP=cffb P1=004000 vc=0 bI
[002876] 2876 E0A1   LD (FFA1h),A   AF=0900 BC=0000 DE=03e6 HL=03e6 SP=cffb P1=004000 vc=0 bI
[002878] 2878 CB87   RES 0,A        AF=0900 BC=0000 DE=03e6 HL=03e6 SP=cffb P1=004000 vc=0 bI
[00287a] 287a E0FF   LD (FFFFh),A   AF=0800 BC=0000 DE=03e6 HL=03e6 SP=cffb P1=004000 vc=0 bI
[00287c] 287c F044   LD A,(FF44h)   AF=0800 BC=0000 DE=03e6 HL=03e6 SP=cffb P1=004000 vc=0 bI
[00287e] 287e FE91   CP 91h         AF=0000 BC=0000 DE=03e6 HL=03e6 SP=cffb P1=004000 vc=0 bI
[002880] 2880 20FA   JR NZ,287Ch    AF=0070 BC=0000 DE=03e6 HL=03e6 SP=cffb P1=004000 vc=0 bI
[002882] 2882 F040   LD A,(FF40h)   AF=91c0 BC=0000 DE=03e6 HL=03e6 SP=cffb P1=004000 vc=145 bI
[002884] 2884 E67F   AND 7Fh        AF=80c0 BC=0000 DE=03e6 HL=03e6 SP=cffb P1=004000 vc=145 bI
[002886] 2886 E040   LD (FF40h),A   AF=00a0 BC=0000 DE=03e6 HL=03e6 SP=cffb P1=004000 vc=145 bI
[002888] 2888 F0A1   LD A,(FFA1h)   AF=00a0 BC=0000 DE=03e6 HL=03e6 SP=cffb P1=004000 vc=0 bI
[00288a] 288a E0FF   LD (FFFFh),A   AF=09a0 BC=0000 DE=03e6 HL=03e6 SP=cffb P1=004000 vc=0 bI
[00288c] 288c C9     RET            AF=09a0 BC=0000 DE=03e6 HL=03e6 SP=cffb P1=004000 vc=0 bI
[0003e9] 03e9 CD2B28 CALL 282Bh     AF=09a0 BC=0000 DE=03e6 HL=03e6 SP=cffd P1=004000 vc=0 bI
[00282b] 282b CD1728 CALL 2817h     AF=09a0 BC=0000 DE=03e6 HL=03e6 SP=cffb P1=004000 vc=0 bI
[002817] 2817 21A741 LD HL,41A7h    AF=09a0 BC=0000 DE=03e6 HL=03e6 SP=cff9 P1=004000 vc=0 bI
[00281a] 281a 013801 LD BC,0138h    AF=09a0 BC=0000 DE=03e6 HL=41a7 SP=cff9 P1=004000 vc=0 bI
[00281d] 281d 110080 LD DE,8000h    AF=09a0 BC=0138 DE=03e6 HL=41a7 SP=cff9 P1=004000 vc=0 bI
[002820] 2820 2A     LDI A,(HL)     AF=09a0 BC=0138 DE=8000 HL=41a7 SP=cff9 P1=004000 vc=0 bI
[002821] 2821 12     LD (DE),A      AF=00a0 BC=0138 DE=8000 HL=41a8 SP=cff9 P1=004000 vc=0 bI
[002822] 2822 13     INC DE         AF=00a0 BC=0138 DE=8000 HL=41a8 SP=cff9 P1=004000 vc=0 bI
[002823] 2823 12     LD (DE),A      AF=00a0 BC=0138 DE=8001 HL=41a8 SP=cff9 P1=004000 vc=0 bI
[002824] 2824 13     INC DE         AF=00a0 BC=0138 DE=8001 HL=41a8 SP=cff9 P1=004000 vc=0 bI
[002825] 2825 0B     DEC BC         AF=00a0 BC=0138 DE=8002 HL=41a8 SP=cff9 P1=004000 vc=0 bI
[002826] 2826 78     LD A,B         AF=00a0 BC=0137 DE=8002 HL=41a8 SP=cff9 P1=004000 vc=0 bI
[002827] 2827 B1     OR C           AF=01a0 BC=0137 DE=8002 HL=41a8 SP=cff9 P1=004000 vc=0 bI
[002828] 2828 20F6   JR NZ,2820h    AF=3700 BC=0137 DE=8002 HL=41a8 SP=cff9 P1=004000 vc=0 bI
[00282a] 282a C9     RET            AF=0080 BC=0000 DE=8270 HL=42df SP=cff9 P1=004000 vc=0 bI
[00282e] 282e 01A00D LD BC,0DA0h    AF=0080 BC=0000 DE=8270 HL=42df SP=cffb P1=004000 vc=0 bI
[002831] 2831 CDF827 CALL 27F8h     AF=0080 BC=0da0 DE=8270 HL=42df SP=cffb P1=004000 vc=0 bI
[0027f8] 27f8 2A     LDI A,(HL)     AF=0080 BC=0da0 DE=8270 HL=42df SP=cff9 P1=004000 vc=0 bI
[0027f9] 27f9 12     LD (DE),A      AF=0080 BC=0da0 DE=8270 HL=42e0 SP=cff9 P1=004000 vc=0 bI
[0027fa] 27fa 13     INC DE         AF=0080 BC=0da0 DE=8270 HL=42e0 SP=cff9 P1=004000 vc=0 bI
[0027fb] 27fb 0B     DEC BC         AF=0080 BC=0da0 DE=8271 HL=42e0 SP=cff9 P1=004000 vc=0 bI
[0027fc] 27fc 78     LD A,B         AF=0080 BC=0d9f DE=8271 HL=42e0 SP=cff9 P1=004000 vc=0 bI
[0027fd] 27fd B1     OR C           AF=0d80 BC=0d9f DE=8271 HL=42e0 SP=cff9 P1=004000 vc=0 bI
[0027fe] 27fe 20F8   JR NZ,27F8h    AF=9f00 BC=0d9f DE=8271 HL=42e0 SP=cff9 P1=004000 vc=0 bI
[002800] 2800 C9     RET            AF=0080 BC=0000 DE=9010 HL=507f SP=cff9 P1=004000 vc=0 bI
[002834] 2834 C9     RET            AF=0080 BC=0000 DE=9010 HL=507f SP=cffb P1=004000 vc=0 bI
[0003ec] 03ec 114F4A LD DE,4A4Fh    AF=0080 BC=0000 DE=9010 HL=507f SP=cffd P1=004000 vc=0 bI
[0003ef] 03ef CD3F28 CALL 283Fh     AF=0080 BC=0000 DE=4a4f HL=507f SP=cffd P1=004000 vc=0 bI
[00283f] 283f 210098 LD HL,9800h    AF=0080 BC=0000 DE=4a4f HL=507f SP=cffb P1=004000 vc=0 bI
[002842] 2842 0612   LD B,12h       AF=0080 BC=0000 DE=4a4f HL=9800 SP=cffb P1=004000 vc=0 bI
[002844] 2844 E5     PUSH HL        AF=0080 BC=1200 DE=4a4f HL=9800 SP=cffb P1=004000 vc=0 bI
[002845] 2845 0E14   LD C,14h       AF=0080 BC=1200 DE=4a4f HL=9800 SP=cff9 P1=004000 vc=0 bI
[002847] 2847 1A     LD A,(DE)      AF=0080 BC=1214 DE=4a4f HL=9800 SP=cff9 P1=004000 vc=0 bI
[002848] 2848 22     LDI (HL),A     AF=2f80 BC=1214 DE=4a4f HL=9800 SP=cff9 P1=004000 vc=0 bI
[002849] 2849 13     INC DE         AF=2f80 BC=1214 DE=4a4f HL=9801 SP=cff9 P1=004000 vc=0 bI
[00284a] 284a 0D     DEC C          AF=2f80 BC=1214 DE=4a50 HL=9801 SP=cff9 P1=004000 vc=0 bI
[00284b] 284b 20FA   JR NZ,2847h    AF=2f40 BC=1213 DE=4a50 HL=9801 SP=cff9 P1=004000 vc=0 bI
[00284d] 284d E1     POP HL         AF=2fc0 BC=1200 DE=4a63 HL=9814 SP=cff9 P1=004000 vc=0 bI
[00284e] 284e D5     PUSH DE        AF=2fc0 BC=1200 DE=4a63 HL=9800 SP=cffb P1=004000 vc=0 bI
[00284f] 284f 112000 LD DE,0020h    AF=2fc0 BC=1200 DE=4a63 HL=9800 SP=cff9 P1=004000 vc=0 bI
[002852] 2852 19     ADD HL,DE      AF=2fc0 BC=1200 DE=0020 HL=9800 SP=cff9 P1=004000 vc=0 bI
[002853] 2853 D1     POP DE         AF=2f80 BC=1200 DE=0020 HL=9820 SP=cff9 P1=004000 vc=0 bI
[002854] 2854 05     DEC B          AF=2f80 BC=1200 DE=4a63 HL=9820 SP=cffb P1=004000 vc=0 bI
[002855] 2855 20ED   JR NZ,2844h    AF=2f40 BC=1100 DE=4a63 HL=9820 SP=cffb P1=004000 vc=0 bI
[002857] 2857 C9     RET            AF=2fc0 BC=0000 DE=4bb7 HL=9a40 SP=cffb P1=004000 vc=0 bI
[0003f2] 03f2 CDEE17 CALL 17EEh     AF=2fc0 BC=0000 DE=4bb7 HL=9a40 SP=cffd P1=004000 vc=0 bI
[0017ee] 17ee AF     XOR A          AF=2fc0 BC=0000 DE=4bb7 HL=9a40 SP=cffb P1=004000 vc=0 bI
[0017ef] 17ef 2100C0 LD HL,C000h    AF=0080 BC=0000 DE=4bb7 HL=9a40 SP=cffb P1=004000 vc=0 bI
[0017f2] 17f2 06A0   LD B,A0h       AF=0080 BC=0000 DE=4bb7 HL=c000 SP=cffb P1=004000 vc=0 bI
[0017f4] 17f4 22     LDI (HL),A     AF=0080 BC=a000 DE=4bb7 HL=c000 SP=cffb P1=004000 vc=0 bI
[0017f5] 17f5 05     DEC B          AF=0080 BC=a000 DE=4bb7 HL=c001 SP=cffb P1=004000 vc=0 bI
[0017f6] 17f6 20FC   JR NZ,17F4h    AF=0060 BC=9f00 DE=4bb7 HL=c001 SP=cffb P1=004000 vc=0 bI
[0017f8] 17f8 C9     RET            AF=00c0 BC=0000 DE=4bb7 HL=c0a0 SP=cffb P1=004000 vc=0 bI
[0003f5] 03f5 2100C3 LD HL,C300h    AF=00c0 BC=0000 DE=4bb7 HL=c0a0 SP=cffd P1=004000 vc=0 bI
[0003f8] 03f8 11D064 LD DE,64D0h    AF=00c0 BC=0000 DE=4bb7 HL=c300 SP=cffd P1=004000 vc=0 bI
[0003fb] 03fb 1A     LD A,(DE)      AF=00c0 BC=0000 DE=64d0 HL=c300 SP=cffd P1=004000 vc=0 bI
[0003fc] 03fc 22     LDI (HL),A     AF=10c0 BC=0000 DE=64d0 HL=c300 SP=cffd P1=004000 vc=0 bI
[0003fd] 03fd 13     INC DE         AF=10c0 BC=0000 DE=64d0 HL=c301 SP=cffd P1=004000 vc=0 bI
[0003fe] 03fe 7C     LD A,H         AF=10c0 BC=0000 DE=64d1 HL=c301 SP=cffd P1=004000 vc=0 bI
[0003ff] 03ff FEC4   CP C4h         AF=c3c0 BC=0000 DE=64d1 HL=c301 SP=cffd P1=004000 vc=0 bI
[000401] 0401 20F8   JR NZ,03FBh    AF=c370 BC=0000 DE=64d1 HL=c301 SP=cffd P1=004000 vc=0 bI
[000403] 0403 3ED3   LD A,D3h       AF=c4c0 BC=0000 DE=65d0 HL=c400 SP=cffd P1=004000 vc=0 bI
[000405] 0405 E040   LD (FF40h),A   AF=d3c0 BC=0000 DE=65d0 HL=c400 SP=cffd P1=004000 vc=0 bI
[000407] 0407 3E7D   LD A,7Dh       AF=d3c0 BC=0000 DE=65d0 HL=c400 SP=cffd P1=004000 vc=0 bI
[000409] 0409 E0A6   LD (FFA6h),A   AF=7dc0 BC=0000 DE=65d0 HL=c400 SP=cffd P1=004000 vc=0 bI
[00040b] 040b 3E25   LD A,25h       AF=7dc0 BC=0000 DE=65d0 HL=c400 SP=cffd P1=004000 vc=0 bI
[00040d] 040d E0E1   LD (FFE1h),A   AF=25c0 BC=0000 DE=65d0 HL=c400 SP=cffd P1=004000 vc=0 bI
[00040f] 040f C9     RET            AF=25c0 BC=0000 DE=65d0 HL=c400 SP=cffd P1=004000 vc=0 bI
[000349] 0349 CDF07F CALL 7FF0h     AF=25c0 BC=0000 DE=65d0 HL=c400 SP=cfff P1=004000 vc=0 bI
[007ff0] 7ff0 C35365 JP 6553h       AF=25c0 BC=0000 DE=65d0 HL=c400 SP=cffd P1=004000 vc=0 bI
[006553] 6553 F5     PUSH AF        AF=25c0 BC=0000 DE=65d0 HL=c400 SP=cffd P1=004000 vc=0 bI
[006554] 6554 C5     PUSH BC        AF=25c0 BC=0000 DE=65d0 HL=c400 SP=cffb P1=004000 vc=0 bI
[006555] 6555 D5     PUSH DE        AF=25c0 BC=0000 DE=65d0 HL=c400 SP=cff9 P1=004000 vc=0 bI
[006556] 6556 E5     PUSH HL        AF=25c0 BC=0000 DE=65d0 HL=c400 SP=cff7 P1=004000 vc=0 bI
[006557] 6557 FA7FDF LD A,(DF7Fh)   AF=25c0 BC=0000 DE=65d0 HL=c400 SP=cff5 P1=004000 vc=0 bI
[00655a] 655a FE01   CP 01h         AF=00c0 BC=0000 DE=65d0 HL=c400 SP=cff5 P1=004000 vc=0 bI
[00655c] 655c 2846   JR Z,65A4h     AF=0070 BC=0000 DE=65d0 HL=c400 SP=cff5 P1=004000 vc=0 bI
[00655e] 655e FE02   CP 02h         AF=0070 BC=0000 DE=65d0 HL=c400 SP=cff5 P1=004000 vc=0 bI
[006560] 6560 287B   JR Z,65DDh     AF=0070 BC=0000 DE=65d0 HL=c400 SP=cff5 P1=004000 vc=0 bI
[006562] 6562 FA7EDF LD A,(DF7Eh)   AF=0070 BC=0000 DE=65d0 HL=c400 SP=cff5 P1=004000 vc=0 bI
[006565] 6565 A7     AND A          AF=0070 BC=0000 DE=65d0 HL=c400 SP=cff5 P1=004000 vc=0 bI
[006566] 6566 207B   JR NZ,65E3h    AF=00a0 BC=0000 DE=65d0 HL=c400 SP=cff5 P1=004000 vc=0 bI
[006568] 6568 F0E4   LD A,(FFE4h)   AF=00a0 BC=0000 DE=65d0 HL=c400 SP=cff5 P1=004000 vc=0 bI
[00656a] 656a A7     AND A          AF=00a0 BC=0000 DE=65d0 HL=c400 SP=cff5 P1=004000 vc=0 bI
[00656b] 656b 280D   JR Z,657Ah     AF=00a0 BC=0000 DE=65d0 HL=c400 SP=cff5 P1=004000 vc=0 bI
[00657a] 657a CD5265 CALL 6552h     AF=00a0 BC=0000 DE=65d0 HL=c400 SP=cff5 P1=004000 vc=0 bI
[006552] 6552 C9     RET            AF=00a0 BC=0000 DE=65d0 HL=c400 SP=cff3 P1=004000 vc=0 bI
[00657d] 657d CD0E6A CALL 6A0Eh     AF=00a0 BC=0000 DE=65d0 HL=c400 SP=cff5 P1=004000 vc=0 bI
[006a0e] 6a0e 11E0DF LD DE,DFE0h    AF=00a0 BC=0000 DE=65d0 HL=c400 SP=cff3 P1=004000 vc=0 bI
[006a11] 6a11 1A     LD A,(DE)      AF=00a0 BC=0000 DE=dfe0 HL=c400 SP=cff3 P1=004000 vc=0 bI
[006a12] 6a12 A7     AND A          AF=00a0 BC=0000 DE=dfe0 HL=c400 SP=cff3 P1=004000 vc=0 bI
[006a13] 6a13 280C   JR Z,6A21h     AF=00a0 BC=0000 DE=dfe0 HL=c400 SP=cff3 P1=004000 vc=0 bI
[006a21] 6a21 1C     INC E          AF=00a0 BC=0000 DE=dfe0 HL=c400 SP=cff3 P1=004000 vc=0 bI
[006a22] 6a22 1A     LD A,(DE)      AF=0000 BC=0000 DE=dfe1 HL=c400 SP=cff3 P1=004000 vc=0 bI
[006a23] 6a23 A7     AND A          AF=0000 BC=0000 DE=dfe1 HL=c400 SP=cff3 P1=004000 vc=0 bI
[006a24] 6a24 2807   JR Z,6A2Dh     AF=00a0 BC=0000 DE=dfe1 HL=c400 SP=cff3 P1=004000 vc=0 bI
[006a2d] 6a2d C9     RET            AF=00a0 BC=0000 DE=dfe1 HL=c400 SP=cff3 P1=004000 vc=0 bI
[006580] 6580 CD2E6A CALL 6A2Eh     AF=00a0 BC=0000 DE=dfe1 HL=c400 SP=cff5 P1=004000 vc=0 bI
[006a2e] 6a2e 11F8DF LD DE,DFF8h    AF=00a0 BC=0000 DE=dfe1 HL=c400 SP=cff3 P1=004000 vc=0 bI
[006a31] 6a31 1A     LD A,(DE)      AF=00a0 BC=0000 DE=dff8 HL=c400 SP=cff3 P1=004000 vc=0 bI
[006a32] 6a32 A7     AND A          AF=00a0 BC=0000 DE=dff8 HL=c400 SP=cff3 P1=004000 vc=0 bI
[006a33] 6a33 280C   JR Z,6A41h     AF=00a0 BC=0000 DE=dff8 HL=c400 SP=cff3 P1=004000 vc=0 bI
[006a41] 6a41 1C     INC E          AF=00a0 BC=0000 DE=dff8 HL=c400 SP=cff3 P1=004000 vc=0 bI
[006a42] 6a42 1A     LD A,(DE)      AF=0000 BC=0000 DE=dff9 HL=c400 SP=cff3 P1=004000 vc=0 bI
[006a43] 6a43 A7     AND A          AF=0000 BC=0000 DE=dff9 HL=c400 SP=cff3 P1=004000 vc=0 bI
[006a44] 6a44 2807   JR Z,6A4Dh     AF=00a0 BC=0000 DE=dff9 HL=c400 SP=cff3 P1=004000 vc=0 bI
[006a4d] 6a4d C9     RET            AF=00a0 BC=0000 DE=dff9 HL=c400 SP=cff3 P1=004000 vc=0 bI
[006583] 6583 CD7968 CALL 6879h     AF=00a0 BC=0000 DE=dff9 HL=c400 SP=cff5 P1=004000 vc=0 bI
[006879] 6879 FAF0DF LD A,(DFF0h)   AF=00a0 BC=0000 DE=dff9 HL=c400 SP=cff3 P1=004000 vc=0 bI
[00687c] 687c FE01   CP 01h         AF=00a0 BC=0000 DE=dff9 HL=c400 SP=cff3 P1=004000 vc=0 bI
[00687e] 687e CAA868 JP Z,68A8h     AF=0070 BC=0000 DE=dff9 HL=c400 SP=cff3 P1=004000 vc=0 bI
[006881] 6881 FE02   CP 02h         AF=0070 BC=0000 DE=dff9 HL=c400 SP=cff3 P1=004000 vc=0 bI
[006883] 6883 CA3D68 JP Z,683Dh     AF=0070 BC=0000 DE=dff9 HL=c400 SP=cff3 P1=004000 vc=0 bI
[006886] 6886 FAF1DF LD A,(DFF1h)   AF=0070 BC=0000 DE=dff9 HL=c400 SP=cff3 P1=004000 vc=0 bI
[006889] 6889 FE01   CP 01h         AF=0070 BC=0000 DE=dff9 HL=c400 SP=cff3 P1=004000 vc=0 bI
[00688b] 688b CAF368 JP Z,68F3h     AF=0070 BC=0000 DE=dff9 HL=c400 SP=cff3 P1=004000 vc=0 bI
[00688e] 688e FE02   CP 02h         AF=0070 BC=0000 DE=dff9 HL=c400 SP=cff3 P1=004000 vc=0 bI
[006890] 6890 CA5468 JP Z,6854h     AF=0070 BC=0000 DE=dff9 HL=c400 SP=cff3 P1=004000 vc=0 bI
[006893] 6893 C9     RET            AF=0070 BC=0000 DE=dff9 HL=c400 SP=cff3 P1=004000 vc=0 bI
[006586] 6586 CD526A CALL 6A52h     AF=0070 BC=0000 DE=dff9 HL=c400 SP=cff5 P1=004000 vc=0 bI
[006a52] 6a52 21E8DF LD HL,DFE8h    AF=0070 BC=0000 DE=dff9 HL=c400 SP=cff3 P1=004000 vc=0 bI
[006a55] 6a55 2A     LDI A,(HL)     AF=0070 BC=0000 DE=dff9 HL=dfe8 SP=cff3 P1=004000 vc=0 bI
[006a56] 6a56 A7     AND A          AF=0070 BC=0000 DE=dff9 HL=dfe9 SP=cff3 P1=004000 vc=0 bI
[006a57] 6a57 C8     RET Z          AF=00a0 BC=0000 DE=dff9 HL=dfe9 SP=cff3 P1=004000 vc=0 bI
[006589] 6589 CD756C CALL 6C75h     AF=00a0 BC=0000 DE=dff9 HL=dfe9 SP=cff5 P1=004000 vc=0 bI
[006c75] 6c75 21E9DF LD HL,DFE9h    AF=00a0 BC=0000 DE=dff9 HL=dfe9 SP=cff3 P1=004000 vc=0 bI
[006c78] 6c78 7E     LD A,(HL)      AF=00a0 BC=0000 DE=dff9 HL=dfe9 SP=cff3 P1=004000 vc=0 bI
[006c79] 6c79 A7     AND A          AF=00a0 BC=0000 DE=dff9 HL=dfe9 SP=cff3 P1=004000 vc=0 bI
[006c7a] 6c7a C8     RET Z          AF=00a0 BC=0000 DE=dff9 HL=dfe9 SP=cff3 P1=004000 vc=0 bI
[00658c] 658c CD966A CALL 6A96h     AF=00a0 BC=0000 DE=dff9 HL=dfe9 SP=cff5 P1=004000 vc=0 bI
[006a96] 6a96 FAE9DF LD A,(DFE9h)   AF=00a0 BC=0000 DE=dff9 HL=dfe9 SP=cff3 P1=004000 vc=0 bI
[006a99] 6a99 A7     AND A          AF=00a0 BC=0000 DE=dff9 HL=dfe9 SP=cff3 P1=004000 vc=0 bI
[006a9a] 6a9a 283D   JR Z,6AD9h     AF=00a0 BC=0000 DE=dff9 HL=dfe9 SP=cff3 P1=004000 vc=0 bI
[006ad9] 6ad9 3EFF   LD A,FFh       AF=00a0 BC=0000 DE=dff9 HL=dfe9 SP=cff3 P1=004000 vc=0 bI
[006adb] 6adb 18F9   JR 6AD6h       AF=ffa0 BC=0000 DE=dff9 HL=dfe9 SP=cff3 P1=004000 vc=0 bI
[006ad6] 6ad6 E025   LD (FF25h),A   AF=ffa0 BC=0000 DE=dff9 HL=dfe9 SP=cff3 P1=004000 vc=0 bI
[006ad8] 6ad8 C9     RET            AF=ffa0 BC=0000 DE=dff9 HL=dfe9 SP=cff3 P1=004000 vc=0 bI
[00658f] 658f AF     XOR A          AF=ffa0 BC=0000 DE=dff9 HL=dfe9 SP=cff5 P1=004000 vc=0 bI
[006590] 6590 EAE0DF LD (DFE0h),A   AF=0080 BC=0000 DE=dff9 HL=dfe9 SP=cff5 P1=004000 vc=0 bI
[006593] 6593 EAE8DF LD (DFE8h),A   AF=0080 BC=0000 DE=dff9 HL=dfe9 SP=cff5 P1=004000 vc=0 bI
[006596] 6596 EAF0DF LD (DFF0h),A   AF=0080 BC=0000 DE=dff9 HL=dfe9 SP=cff5 P1=004000 vc=0 bI
[006599] 6599 EAF8DF LD (DFF8h),A   AF=0080 BC=0000 DE=dff9 HL=dfe9 SP=cff5 P1=004000 vc=0 bI
[00659c] 659c EA7FDF LD (DF7Fh),A   AF=0080 BC=0000 DE=dff9 HL=dfe9 SP=cff5 P1=004000 vc=0 bI
[00659f] 659f E1     POP HL         AF=0080 BC=0000 DE=dff9 HL=dfe9 SP=cff5 P1=004000 vc=0 bI
[0065a0] 65a0 D1     POP DE         AF=0080 BC=0000 DE=dff9 HL=c400 SP=cff7 P1=004000 vc=0 bI
[0065a1] 65a1 C1     POP BC         AF=0080 BC=0000 DE=65d0 HL=c400 SP=cff9 P1=004000 vc=0 bI
[0065a2] 65a2 F1     POP AF         AF=0080 BC=0000 DE=65d0 HL=c400 SP=cffb P1=004000 vc=0 bI
[0065a3] 65a3 C9     RET            AF=25c0 BC=0000 DE=65d0 HL=c400 SP=cffd P1=004000 vc=0 bI
[00034c] 034c F080   LD A,(FF80h)   AF=25c0 BC=0000 DE=65d0 HL=c400 SP=cfff P1=004000 vc=0 bI
[00034e] 034e E60F   AND 0Fh        AF=00c0 BC=0000 DE=65d0 HL=c400 SP=cfff P1=004000 vc=0 bI
[000350] 0350 FE0F   CP 0Fh         AF=00a0 BC=0000 DE=65d0 HL=c400 SP=cfff P1=004000 vc=0 bI
[000352] 0352 CA9A02 JP Z,029Ah     AF=0070 BC=0000 DE=65d0 HL=c400 SP=cfff P1=004000 vc=0 bI
[000355] 0355 21A6FF LD HL,FFA6h    AF=0070 BC=0000 DE=65d0 HL=c400 SP=cfff P1=004000 vc=0 bI
[000358] 0358 0602   LD B,02h       AF=0070 BC=0000 DE=65d0 HL=ffa6 SP=cfff P1=004000 vc=0 bI
[00035a] 035a 7E     LD A,(HL)      AF=0070 BC=0200 DE=65d0 HL=ffa6 SP=cfff P1=004000 vc=0 bI
[00035b] 035b A7     AND A          AF=7d70 BC=0200 DE=65d0 HL=ffa6 SP=cfff P1=004000 vc=0 bI
[00035c] 035c 2801   JR Z,035Fh     AF=7d20 BC=0200 DE=65d0 HL=ffa6 SP=cfff P1=004000 vc=0 bI
[00035e] 035e 35     DEC (HL)       AF=7d20 BC=0200 DE=65d0 HL=ffa6 SP=cfff P1=004000 vc=0 bI
[00035f] 035f 2C     INC L          AF=7d40 BC=0200 DE=65d0 HL=ffa6 SP=cfff P1=004000 vc=0 bI
[000360] 0360 05     DEC B          AF=7d00 BC=0200 DE=65d0 HL=ffa7 SP=cfff P1=004000 vc=0 bI
[000361] 0361 20F7   JR NZ,035Ah    AF=7d40 BC=0100 DE=65d0 HL=ffa7 SP=cfff P1=004000 vc=0 bI
[000363] 0363 F0C5   LD A,(FFC5h)   AF=00c0 BC=0000 DE=65d0 HL=ffa8 SP=cfff P1=004000 vc=0 bI
[000365] 0365 A7     AND A          AF=00c0 BC=0000 DE=65d0 HL=ffa8 SP=cfff P1=004000 vc=0 bI
[000366] 0366 2804   JR Z,036Ch     AF=00a0 BC=0000 DE=65d0 HL=ffa8 SP=cfff P1=004000 vc=0 bI
[00036c] 036c F085   LD A,(FF85h)   AF=00a0 BC=0000 DE=65d0 HL=ffa8 SP=cfff P1=004000 vc=0 bI
[00036e] 036e A7     AND A          AF=01a0 BC=0000 DE=65d0 HL=ffa8 SP=cfff P1=004000 vc=0 bI
[00036f] 036f 28FB   JR Z,036Ch     AF=0120 BC=0000 DE=65d0 HL=ffa8 SP=cfff P1=004000 vc=0 bI
[000371] 0371 AF     XOR A          AF=0120 BC=0000 DE=65d0 HL=ffa8 SP=cfff P1=004000 vc=0 bI
[000372] 0372 E085   LD (FF85h),A   AF=0080 BC=0000 DE=65d0 HL=ffa8 SP=cfff P1=004000 vc=0 bI
[000374] 0374 C34303 JP 0343h       AF=0080 BC=0000 DE=65d0 HL=ffa8 SP=cfff P1=004000 vc=0 bI
[000410] 0410 F0A6   LD A,(FFA6h)   AF=4a00 BC=0000 DE=0410 HL=0410 SP=cffd P1=004000 vc=0 bI
[000412] 0412 A7     AND A          AF=7c00 BC=0000 DE=0410 HL=0410 SP=cffd P1=004000 vc=0 bI
[000413] 0413 C0     RET NZ         AF=7c20 BC=0000 DE=0410 HL=0410 SP=cffd P1=004000 vc=0 bI
[000414] 0414 3E06   LD A,06h       AF=00a0 BC=0000 DE=0410 HL=0410 SP=cffd P1=004000 vc=150 bI
[000416] 0416 E0E1   LD (FFE1h),A   AF=06a0 BC=0000 DE=0410 HL=0410 SP=cffd P1=004000 vc=150 bI
[000418] 0418 C9     RET            AF=06a0 BC=0000 DE=0410 HL=0410 SP=cffd P1=004000 vc=150 bI
[000419] 0419 CD7428 CALL 2874h     AF=0c00 BC=0000 DE=0419 HL=0419 SP=cffd P1=004000 vc=150 bI
[00041c] 041c AF     XOR A          AF=0920 BC=0000 DE=0419 HL=0419 SP=cffd P1=004000 vc=0 bI
[00041d] 041d E0E9   LD (FFE9h),A   AF=0080 BC=0000 DE=0419 HL=0419 SP=cffd P1=004000 vc=0 bI
[00041f] 041f E098   LD (FF98h),A   AF=0080 BC=0000 DE=0419 HL=0419 SP=cffd P1=004000 vc=0 bI
[000421] 0421 E09C   LD (FF9Ch),A   AF=0080 BC=0000 DE=0419 HL=0419 SP=cffd P1=004000 vc=0 bI
[000423] 0423 E09B   LD (FF9Bh),A   AF=0080 BC=0000 DE=0419 HL=0419 SP=cffd P1=004000 vc=0 bI
[000425] 0425 E0FB   LD (FFFBh),A   AF=0080 BC=0000 DE=0419 HL=0419 SP=cffd P1=004000 vc=0 bI
[000427] 0427 E09F   LD (FF9Fh),A   AF=0080 BC=0000 DE=0419 HL=0419 SP=cffd P1=004000 vc=0 bI
[000429] 0429 E0E3   LD (FFE3h),A   AF=0080 BC=0000 DE=0419 HL=0419 SP=cffd P1=004000 vc=0 bI
[00042b] 042b E0E7   LD (FFE7h),A   AF=0080 BC=0000 DE=0419 HL=0419 SP=cffd P1=004000 vc=0 bI
[00042d] 042d E0C7   LD (FFC7h),A   AF=0080 BC=0000 DE=0419 HL=0419 SP=cffd P1=004000 vc=0 bI
[00042f] 042f CDF322 CALL 22F3h     AF=0080 BC=0000 DE=0419 HL=0419 SP=cffd P1=004000 vc=0 bI
[0022f3] 22f3 21A3C0 LD HL,C0A3h    AF=0080 BC=0000 DE=0419 HL=0419 SP=cffb P1=004000 vc=0 bI
[0022f6] 22f6 AF     XOR A          AF=0080 BC=0000 DE=0419 HL=c0a3 SP=cffb P1=004000 vc=0 bI
[0022f7] 22f7 0609   LD B,09h       AF=0080 BC=0000 DE=0419 HL=c0a3 SP=cffb P1=004000 vc=0 bI
[0022f9] 22f9 22     LDI (HL),A     AF=0080 BC=0900 DE=0419 HL=c0a3 SP=cffb P1=004000 vc=0 bI
[0022fa] 22fa 05     DEC B          AF=0080 BC=0900 DE=0419 HL=c0a4 SP=cffb P1=004000 vc=0 bI
[0022fb] 22fb 20FC   JR NZ,22F9h    AF=0040 BC=0800 DE=0419 HL=c0a4 SP=cffb P1=004000 vc=0 bI
[0022fd] 22fd C9     RET            AF=00c0 BC=0000 DE=0419 HL=c0ac SP=cffb P1=004000 vc=0 bI
[000432] 0432 CDA526 CALL 26A5h     AF=00c0 BC=0000 DE=0419 HL=c0ac SP=cffd P1=004000 vc=0 bI
[0026a5] 26a5 21ACC0 LD HL,C0ACh    AF=00c0 BC=0000 DE=0419 HL=c0ac SP=cffb P1=004000 vc=0 bI
[0026a8] 26a8 061B   LD B,1Bh       AF=00c0 BC=0000 DE=0419 HL=c0ac SP=cffb P1=004000 vc=0 bI
[0026aa] 26aa AF     XOR A          AF=00c0 BC=1b00 DE=0419 HL=c0ac SP=cffb P1=004000 vc=0 bI
[0026ab] 26ab 22     LDI (HL),A     AF=0080 BC=1b00 DE=0419 HL=c0ac SP=cffb P1=004000 vc=0 bI
[0026ac] 26ac 05     DEC B          AF=0080 BC=1b00 DE=0419 HL=c0ad SP=cffb P1=004000 vc=0 bI
[0026ad] 26ad 20FC   JR NZ,26ABh    AF=0040 BC=1a00 DE=0419 HL=c0ad SP=cffb P1=004000 vc=0 bI
[0026af] 26af 21A0C0 LD HL,C0A0h    AF=00c0 BC=0000 DE=0419 HL=c0c7 SP=cffb P1=004000 vc=0 bI
[0026b2] 26b2 0603   LD B,03h       AF=00c0 BC=0000 DE=0419 HL=c0a0 SP=cffb P1=004000 vc=0 bI
[0026b4] 26b4 22     LDI (HL),A     AF=00c0 BC=0300 DE=0419 HL=c0a0 SP=cffb P1=004000 vc=0 bI
[0026b5] 26b5 05     DEC B          AF=00c0 BC=0300 DE=0419 HL=c0a1 SP=cffb P1=004000 vc=0 bI
[0026b6] 26b6 20FC   JR NZ,26B4h    AF=0040 BC=0200 DE=0419 HL=c0a1 SP=cffb P1=004000 vc=0 bI
[0026b8] 26b8 C9     RET            AF=00c0 BC=0000 DE=0419 HL=c0a3 SP=cffb P1=004000 vc=0 bI
[000435] 0435 CD2B28 CALL 282Bh     AF=00c0 BC=0000 DE=0419 HL=c0a3 SP=cffd P1=004000 vc=0 bI
[000438] 0438 2100C8 LD HL,C800h    AF=0080 BC=0000 DE=9010 HL=507f SP=cffd P1=004000 vc=0 bI
[00043b] 043b 3E2F   LD A,2Fh       AF=0080 BC=0000 DE=9010 HL=c800 SP=cffd P1=004000 vc=0 bI
[00043d] 043d 22     LDI (HL),A     AF=2f80 BC=0000 DE=9010 HL=c800 SP=cffd P1=004000 vc=0 bI
[00043e] 043e 7C     LD A,H         AF=2f80 BC=0000 DE=9010 HL=c801 SP=cffd P1=004000 vc=0 bI
[00043f] 043f FECC   CP CCh         AF=c880 BC=0000 DE=9010 HL=c801 SP=cffd P1=004000 vc=0 bI
[000441] 0441 20F8   JR NZ,043Bh    AF=c870 BC=0000 DE=9010 HL=c801 SP=cffd P1=004000 vc=0 bI
[000443] 0443 2101C8 LD HL,C801h    AF=ccc0 BC=0000 DE=9010 HL=cc00 SP=cffd P1=004000 vc=0 bI
[000446] 0446 CDFD26 CALL 26FDh     AF=ccc0 BC=0000 DE=9010 HL=c801 SP=cffd P1=004000 vc=0 bI
[0026fd] 26fd 0620   LD B,20h       AF=ccc0 BC=0000 DE=9010 HL=c801 SP=cffb P1=004000 vc=0 bI
[0026ff] 26ff 3E8E   LD A,8Eh       AF=ccc0 BC=2000 DE=9010 HL=c801 SP=cffb P1=004000 vc=0 bI
[002701] 2701 112000 LD DE,0020h    AF=8ec0 BC=2000 DE=9010 HL=c801 SP=cffb P1=004000 vc=0 bI
[002704] 2704 77     LD (HL),A      AF=8ec0 BC=2000 DE=0020 HL=c801 SP=cffb P1=004000 vc=0 bI
[002705] 2705 19     ADD HL,DE      AF=8ec0 BC=2000 DE=0020 HL=c801 SP=cffb P1=004000 vc=0 bI
[002706] 2706 05     DEC B          AF=8e80 BC=2000 DE=0020 HL=c821 SP=cffb P1=004000 vc=0 bI
[002707] 2707 20FB   JR NZ,2704h    AF=8e60 BC=1f00 DE=0020 HL=c821 SP=cffb P1=004000 vc=0 bI
[002709] 2709 C9     RET            AF=8ec0 BC=0000 DE=0020 HL=cc01 SP=cffb P1=004000 vc=0 bI
[000449] 0449 210CC8 LD HL,C80Ch    AF=8ec0 BC=0000 DE=0020 HL=cc01 SP=cffd P1=004000 vc=0 bI
[00044c] 044c CDFD26 CALL 26FDh     AF=8ec0 BC=0000 DE=0020 HL=c80c SP=cffd P1=004000 vc=0 bI
[00044f] 044f 2141CA LD HL,CA41h    AF=8ec0 BC=0000 DE=0020 HL=cc0c SP=cffd P1=004000 vc=0 bI
[000452] 0452 060C   LD B,0Ch       AF=8ec0 BC=0000 DE=0020 HL=ca41 SP=cffd P1=004000 vc=0 bI
[000454] 0454 3E8E   LD A,8Eh       AF=8ec0 BC=0c00 DE=0020 HL=ca41 SP=cffd P1=004000 vc=0 bI
[000456] 0456 22     LDI (HL),A     AF=8ec0 BC=0c00 DE=0020 HL=ca41 SP=cffd P1=004000 vc=0 bI
[000457] 0457 05     DEC B          AF=8ec0 BC=0c00 DE=0020 HL=ca42 SP=cffd P1=004000 vc=0 bI
[000458] 0458 20FC   JR NZ,0456h    AF=8e40 BC=0b00 DE=0020 HL=ca42 SP=cffd P1=004000 vc=0 bI
[00045a] 045a 11B74B LD DE,4BB7h    AF=8ec0 BC=0000 DE=0020 HL=ca4d SP=cffd P1=004000 vc=0 bI
[00045d] 045d CD3F28 CALL 283Fh     AF=8ec0 BC=0000 DE=4bb7 HL=ca4d SP=cffd P1=004000 vc=0 bI
[000460] 0460 CDEE17 CALL 17EEh     AF=2fc0 BC=0000 DE=4d1f HL=9a40 SP=cffd P1=004000 vc=0 bI
[000463] 0463 2100C0 LD HL,C000h    AF=00c0 BC=0000 DE=4d1f HL=c0a0 SP=cffd P1=004000 vc=0 bI
[000466] 0466 3680   LD (HL),80h    AF=00c0 BC=0000 DE=4d1f HL=c000 SP=cffd P1=004000 vc=0 bI
[000468] 0468 2C     INC L          AF=00c0 BC=0000 DE=4d1f HL=c000 SP=cffd P1=004000 vc=0 bI
[000469] 0469 3610   LD (HL),10h    AF=0000 BC=0000 DE=4d1f HL=c001 SP=cffd P1=004000 vc=0 bI
[00046b] 046b 2C     INC L          AF=0000 BC=0000 DE=4d1f HL=c001 SP=cffd P1=004000 vc=0 bI
[00046c] 046c 3658   LD (HL),58h    AF=0000 BC=0000 DE=4d1f HL=c002 SP=cffd P1=004000 vc=0 bI
[00046e] 046e 3E03   LD A,03h       AF=0000 BC=0000 DE=4d1f HL=c002 SP=cffd P1=004000 vc=0 bI
[000470] 0470 EAE8DF LD (DFE8h),A   AF=0300 BC=0000 DE=4d1f HL=c002 SP=cffd P1=004000 vc=0 bI
[000473] 0473 3ED3   LD A,D3h       AF=0300 BC=0000 DE=4d1f HL=c002 SP=cffd P1=004000 vc=0 bI
[000475] 0475 E040   LD (FF40h),A   AF=d300 BC=0000 DE=4d1f HL=c002 SP=cffd P1=004000 vc=0 bI
[000477] 0477 3E07   LD A,07h       AF=d300 BC=0000 DE=4d1f HL=c002 SP=cffd P1=004000 vc=0 bI
[000479] 0479 E0E1   LD (FFE1h),A   AF=0700 BC=0000 DE=4d1f HL=c002 SP=cffd P1=004000 vc=0 bI
[00047b] 047b 3E7D   LD A,7Dh       AF=0700 BC=0000 DE=4d1f HL=c002 SP=cffd P1=004000 vc=0 bI
[00047d] 047d E0A6   LD (FFA6h),A   AF=7d00 BC=0000 DE=4d1f HL=c002 SP=cffd P1=004000 vc=0 bI
[00047f] 047f 3E04   LD A,04h       AF=7d00 BC=0000 DE=4d1f HL=c002 SP=cffd P1=004000 vc=0 bI
[000481] 0481 E0C6   LD (FFC6h),A   AF=0400 BC=0000 DE=4d1f HL=c002 SP=cffd P1=004000 vc=0 bI
[000483] 0483 F0E4   LD A,(FFE4h)   AF=0400 BC=0000 DE=4d1f HL=c002 SP=cffd P1=004000 vc=0 bI
[000485] 0485 A7     AND A          AF=0000 BC=0000 DE=4d1f HL=c002 SP=cffd P1=004000 vc=0 bI
[000486] 0486 C0     RET NZ         AF=00a0 BC=0000 DE=4d1f HL=c002 SP=cffd P1=004000 vc=0 bI
[000487] 0487 3E13   LD A,13h       AF=00a0 BC=0000 DE=4d1f HL=c002 SP=cffd P1=004000 vc=0 bI
[000489] 0489 E0C6   LD (FFC6h),A   AF=13a0 BC=0000 DE=4d1f HL=c002 SP=cffd P1=004000 vc=0 bI
[00048b] 048b C9     RET            AF=13a0 BC=0000 DE=4d1f HL=c002 SP=cffd P1=004000 vc=0 bI
[006a58] 6a58 FEFF   CP FFh         AF=0320 BC=0000 DE=dff9 HL=dfe9 SP=cff3 P1=004000 vc=0 bI
[006a5a] 6a5a 28F2   JR Z,6A4Eh     AF=0370 BC=0000 DE=dff9 HL=dfe9 SP=cff3 P1=004000 vc=0 bI
[006a5c] 6a5c 77     LD (HL),A      AF=0370 BC=0000 DE=dff9 HL=dfe9 SP=cff3 P1=004000 vc=0 bI
[006a5d] 6a5d 47     LD B,A         AF=0370 BC=0000 DE=dff9 HL=dfe9 SP=cff3 P1=004000 vc=0 bI
[006a5e] 6a5e 213065 LD HL,6530h    AF=0370 BC=0300 DE=dff9 HL=dfe9 SP=cff3 P1=004000 vc=0 bI
[006a61] 6a61 E61F   AND 1Fh        AF=0370 BC=0300 DE=dff9 HL=6530 SP=cff3 P1=004000 vc=0 bI
[006a63] 6a63 CDAD69 CALL 69ADh     AF=0320 BC=0300 DE=dff9 HL=6530 SP=cff3 P1=004000 vc=0 bI
[0069ad] 69ad 1C     INC E          AF=0320 BC=0300 DE=dff9 HL=6530 SP=cff1 P1=004000 vc=0 bI
[0069ae] 69ae 3D     DEC A          AF=0300 BC=0300 DE=dffa HL=6530 SP=cff1 P1=004000 vc=0 bI
[0069af] 69af CB27   SLA A          AF=0240 BC=0300 DE=dffa HL=6530 SP=cff1 P1=004000 vc=0 bI
[0069b1] 69b1 4F     LD C,A         AF=0400 BC=0300 DE=dffa HL=6530 SP=cff1 P1=004000 vc=0 bI
[0069b2] 69b2 0600   LD B,00h       AF=0400 BC=0304 DE=dffa HL=6530 SP=cff1 P1=004000 vc=0 bI
[0069b4] 69b4 09     ADD HL,BC      AF=0400 BC=0004 DE=dffa HL=6530 SP=cff1 P1=004000 vc=0 bI
[0069b5] 69b5 4E     LD C,(HL)      AF=0400 BC=0004 DE=dffa HL=6534 SP=cff1 P1=004000 vc=0 bI
[0069b6] 69b6 23     INC HL         AF=0400 BC=0086 DE=dffa HL=6534 SP=cff1 P1=004000 vc=0 bI
[0069b7] 69b7 46     LD B,(HL)      AF=0400 BC=0086 DE=dffa HL=6535 SP=cff1 P1=004000 vc=0 bI
[0069b8] 69b8 69     LD L,C         AF=0400 BC=6f86 DE=dffa HL=6535 SP=cff1 P1=004000 vc=0 bI
[0069b9] 69b9 60     LD H,B         AF=0400 BC=6f86 DE=dffa HL=6586 SP=cff1 P1=004000 vc=0 bI
[0069ba] 69ba 7C     LD A,H         AF=0400 BC=6f86 DE=dffa HL=6f86 SP=cff1 P1=004000 vc=0 bI
[0069bb] 69bb C9     RET            AF=6f00 BC=6f86 DE=dffa HL=6f86 SP=cff1 P1=004000 vc=0 bI
[006a66] 6a66 CD446B CALL 6B44h     AF=6f00 BC=6f86 DE=dffa HL=6f86 SP=cff3 P1=004000 vc=0 bI
[006b44] 6b44 CDF869 CALL 69F8h     AF=6f00 BC=6f86 DE=dffa HL=6f86 SP=cff1 P1=004000 vc=0 bI
[006b47] 6b47 AF     XOR A          AF=0080 BC=6f86 DE=dffa HL=6f86 SP=cff1 P1=004000 vc=0 bI
[006b48] 6b48 EA75DF LD (DF75h),A   AF=0080 BC=6f86 DE=dffa HL=6f86 SP=cff1 P1=004000 vc=0 bI
[006b4b] 6b4b EA77DF LD (DF77h),A   AF=0080 BC=6f86 DE=dffa HL=6f86 SP=cff1 P1=004000 vc=0 bI
[006b4e] 6b4e 1180DF LD DE,DF80h    AF=0080 BC=6f86 DE=dffa HL=6f86 SP=cff1 P1=004000 vc=0 bI
[006b51] 6b51 0600   LD B,00h       AF=0080 BC=6f86 DE=df80 HL=6f86 SP=cff1 P1=004000 vc=0 bI
[006b53] 6b53 2A     LDI A,(HL)     AF=0080 BC=0086 DE=df80 HL=6f86 SP=cff1 P1=004000 vc=0 bI
[006b54] 6b54 12     LD (DE),A      AF=0080 BC=0086 DE=df80 HL=6f87 SP=cff1 P1=004000 vc=0 bI
[006b55] 6b55 1C     INC E          AF=0080 BC=0086 DE=df80 HL=6f87 SP=cff1 P1=004000 vc=0 bI
[006b56] 6b56 CD3E6B CALL 6B3Eh     AF=0000 BC=0086 DE=df81 HL=6f87 SP=cff1 P1=004000 vc=0 bI
[006b3e] 6b3e 2A     LDI A,(HL)     AF=0000 BC=0086 DE=df81 HL=6f87 SP=cfef P1=004000 vc=0 bI
[006b3f] 6b3f 12     LD (DE),A      AF=3f00 BC=0086 DE=df81 HL=6f88 SP=cfef P1=004000 vc=0 bI
[006b40] 6b40 1C     INC E          AF=3f00 BC=0086 DE=df81 HL=6f88 SP=cfef P1=004000 vc=0 bI
[006b41] 6b41 2A     LDI A,(HL)     AF=3f00 BC=0086 DE=df82 HL=6f88 SP=cfef P1=004000 vc=0 bI
[006b42] 6b42 12     LD (DE),A      AF=6f00 BC=0086 DE=df82 HL=6f89 SP=cfef P1=004000 vc=0 bI
[006b43] 6b43 C9     RET            AF=6f00 BC=0086 DE=df82 HL=6f89 SP=cfef P1=004000 vc=0 bI
[006b59] 6b59 1190DF LD DE,DF90h    AF=6f00 BC=0086 DE=df82 HL=6f89 SP=cff1 P1=004000 vc=0 bI
[006b5c] 6b5c CD3E6B CALL 6B3Eh     AF=6f00 BC=0086 DE=df90 HL=6f89 SP=cff1 P1=004000 vc=0 bI
[006b5f] 6b5f 11A0DF LD DE,DFA0h    AF=7600 BC=0086 DE=df91 HL=6f8b SP=cff1 P1=004000 vc=0 bI
[006b62] 6b62 CD3E6B CALL 6B3Eh     AF=7600 BC=0086 DE=dfa0 HL=6f8b SP=cff1 P1=004000 vc=0 bI
[006b65] 6b65 11B0DF LD DE,DFB0h    AF=7600 BC=0086 DE=dfa1 HL=6f8d SP=cff1 P1=004000 vc=0 bI
[006b68] 6b68 CD3E6B CALL 6B3Eh     AF=7600 BC=0086 DE=dfb0 HL=6f8d SP=cff1 P1=004000 vc=0 bI
[006b6b] 6b6b 11C0DF LD DE,DFC0h    AF=7600 BC=0086 DE=dfb1 HL=6f8f SP=cff1 P1=004000 vc=0 bI
[006b6e] 6b6e CD3E6B CALL 6B3Eh     AF=7600 BC=0086 DE=dfc0 HL=6f8f SP=cff1 P1=004000 vc=0 bI
[006b71] 6b71 2190DF LD HL,DF90h    AF=7600 BC=0086 DE=dfc1 HL=6f91 SP=cff1 P1=004000 vc=0 bI
[006b74] 6b74 1194DF LD DE,DF94h    AF=7600 BC=0086 DE=dfc1 HL=df90 SP=cff1 P1=004000 vc=0 bI
[006b77] 6b77 CD336B CALL 6B33h     AF=7600 BC=0086 DE=df94 HL=df90 SP=cff1 P1=004000 vc=0 bI
[006b33] 6b33 2A     LDI A,(HL)     AF=7600 BC=0086 DE=df94 HL=df90 SP=cfef P1=004000 vc=0 bI
[006b34] 6b34 4F     LD C,A         AF=3600 BC=0086 DE=df94 HL=df91 SP=cfef P1=004000 vc=0 bI
[006b35] 6b35 7E     LD A,(HL)      AF=3600 BC=0036 DE=df94 HL=df91 SP=cfef P1=004000 vc=0 bI
[006b36] 6b36 47     LD B,A         AF=7600 BC=0036 DE=df94 HL=df91 SP=cfef P1=004000 vc=0 bI
[006b37] 6b37 0A     LD A,(BC)      AF=7600 BC=7636 DE=df94 HL=df91 SP=cfef P1=004000 vc=0 bI
[006b38] 6b38 12     LD (DE),A      AF=ba00 BC=7636 DE=df94 HL=df91 SP=cfef P1=004000 vc=0 bI
[006b39] 6b39 1C     INC E          AF=ba00 BC=7636 DE=df94 HL=df91 SP=cfef P1=004000 vc=0 bI
[006b3a] 6b3a 03     INC BC         AF=ba00 BC=7636 DE=df95 HL=df91 SP=cfef P1=004000 vc=0 bI
[006b3b] 6b3b 0A     LD A,(BC)      AF=ba00 BC=7637 DE=df95 HL=df91 SP=cfef P1=004000 vc=0 bI
[006b3c] 6b3c 12     LD (DE),A      AF=7600 BC=7637 DE=df95 HL=df91 SP=cfef P1=004000 vc=0 bI
[006b3d] 6b3d C9     RET            AF=7600 BC=7637 DE=df95 HL=df91 SP=cfef P1=004000 vc=0 bI
[006b7a] 6b7a 21A0DF LD HL,DFA0h    AF=7600 BC=7637 DE=df95 HL=df91 SP=cff1 P1=004000 vc=0 bI
[006b7d] 6b7d 11A4DF LD DE,DFA4h    AF=7600 BC=7637 DE=df95 HL=dfa0 SP=cff1 P1=004000 vc=0 bI
[006b80] 6b80 CD336B CALL 6B33h     AF=7600 BC=7637 DE=dfa4 HL=dfa0 SP=cff1 P1=004000 vc=0 bI
[006b83] 6b83 21B0DF LD HL,DFB0h    AF=7600 BC=762f DE=dfa5 HL=dfa1 SP=cff1 P1=004000 vc=0 bI
[006b86] 6b86 11B4DF LD DE,DFB4h    AF=7600 BC=762f DE=dfa5 HL=dfb0 SP=cff1 P1=004000 vc=0 bI
[006b89] 6b89 CD336B CALL 6B33h     AF=7600 BC=762f DE=dfb4 HL=dfb0 SP=cff1 P1=004000 vc=0 bI
[006b8c] 6b8c 21C0DF LD HL,DFC0h    AF=7700 BC=763d DE=dfb5 HL=dfb1 SP=cff1 P1=004000 vc=0 bI
[006b8f] 6b8f 11C4DF LD DE,DFC4h    AF=7700 BC=763d DE=dfb5 HL=dfc0 SP=cff1 P1=004000 vc=0 bI
[006b92] 6b92 CD336B CALL 6B33h     AF=7700 BC=763d DE=dfc4 HL=dfc0 SP=cff1 P1=004000 vc=0 bI
[006b95] 6b95 011004 LD BC,0410h    AF=7700 BC=765f DE=dfc5 HL=dfc1 SP=cff1 P1=004000 vc=0 bI
[006b98] 6b98 2192DF LD HL,DF92h    AF=7700 BC=0410 DE=dfc5 HL=dfc1 SP=cff1 P1=004000 vc=0 bI
[006b9b] 6b9b 3601   LD (HL),01h    AF=7700 BC=0410 DE=dfc5 HL=df92 SP=cff1 P1=004000 vc=0 bI
[006b9d] 6b9d 79     LD A,C         AF=7700 BC=0410 DE=dfc5 HL=df92 SP=cff1 P1=004000 vc=0 bI
[006b9e] 6b9e 85     ADD A,L        AF=1000 BC=0410 DE=dfc5 HL=df92 SP=cff1 P1=004000 vc=0 bI
[006b9f] 6b9f 6F     LD L,A         AF=a200 BC=0410 DE=dfc5 HL=df92 SP=cff1 P1=004000 vc=0 bI
[006ba0] 6ba0 05     DEC B          AF=a200 BC=0410 DE=dfc5 HL=dfa2 SP=cff1 P1=004000 vc=0 bI
[006ba1] 6ba1 20F8   JR NZ,6B9Bh    AF=a240 BC=0310 DE=dfc5 HL=dfa2 SP=cff1 P1=004000 vc=0 bI
[006ba3] 6ba3 AF     XOR A          AF=d2c0 BC=0010 DE=dfc5 HL=dfd2 SP=cff1 P1=004000 vc=0 bI
[006ba4] 6ba4 EA9EDF LD (DF9Eh),A   AF=0080 BC=0010 DE=dfc5 HL=dfd2 SP=cff1 P1=004000 vc=0 bI
[006ba7] 6ba7 EAAEDF LD (DFAEh),A   AF=0080 BC=0010 DE=dfc5 HL=dfd2 SP=cff1 P1=004000 vc=0 bI
[006baa] 6baa EABEDF LD (DFBEh),A   AF=0080 BC=0010 DE=dfc5 HL=dfd2 SP=cff1 P1=004000 vc=0 bI
[006bad] 6bad C9     RET            AF=0080 BC=0010 DE=dfc5 HL=dfd2 SP=cff1 P1=004000 vc=0 bI
[006a69] 6a69 CD6D6A CALL 6A6Dh     AF=0080 BC=0010 DE=dfc5 HL=dfd2 SP=cff3 P1=004000 vc=0 bI
[006a6d] 6a6d FAE9DF LD A,(DFE9h)   AF=0080 BC=0010 DE=dfc5 HL=dfd2 SP=cff1 P1=004000 vc=0 bI
[006a70] 6a70 A7     AND A          AF=0380 BC=0010 DE=dfc5 HL=dfd2 SP=cff1 P1=004000 vc=0 bI
[006a71] 6a71 C8     RET Z          AF=0320 BC=0010 DE=dfc5 HL=dfd2 SP=cff1 P1=004000 vc=0 bI
[006a72] 6a72 21EF6A LD HL,6AEFh    AF=0320 BC=0010 DE=dfc5 HL=dfd2 SP=cff1 P1=004000 vc=0 bI
[006a75] 6a75 3D     DEC A          AF=0320 BC=0010 DE=dfc5 HL=6aef SP=cff1 P1=004000 vc=0 bI
[006a76] 6a76 2806   JR Z,6A7Eh     AF=0240 BC=0010 DE=dfc5 HL=6aef SP=cff1 P1=004000 vc=0 bI
[006a78] 6a78 23     INC HL         AF=0240 BC=0010 DE=dfc5 HL=6aef SP=cff1 P1=004000 vc=0 bI
[006a79] 6a79 23     INC HL         AF=0240 BC=0010 DE=dfc5 HL=6af0 SP=cff1 P1=004000 vc=0 bI
[006a7a] 6a7a 23     INC HL         AF=0240 BC=0010 DE=dfc5 HL=6af1 SP=cff1 P1=004000 vc=0 bI
[006a7b] 6a7b 23     INC HL         AF=0240 BC=0010 DE=dfc5 HL=6af2 SP=cff1 P1=004000 vc=0 bI
[006a7c] 6a7c 18F7   JR 6A75h       AF=0240 BC=0010 DE=dfc5 HL=6af3 SP=cff1 P1=004000 vc=0 bI
[006a7e] 6a7e 2A     LDI A,(HL)     AF=00c0 BC=0010 DE=dfc5 HL=6af7 SP=cff1 P1=004000 vc=0 bI
[006a7f] 6a7f EA78DF LD (DF78h),A   AF=01c0 BC=0010 DE=dfc5 HL=6af8 SP=cff1 P1=004000 vc=0 bI
[006a82] 6a82 2A     LDI A,(HL)     AF=01c0 BC=0010 DE=dfc5 HL=6af8 SP=cff1 P1=004000 vc=0 bI
[006a83] 6a83 EA76DF LD (DF76h),A   AF=20c0 BC=0010 DE=dfc5 HL=6af9 SP=cff1 P1=004000 vc=0 bI
[006a86] 6a86 2A     LDI A,(HL)     AF=20c0 BC=0010 DE=dfc5 HL=6af9 SP=cff1 P1=004000 vc=0 bI
[006a87] 6a87 EA79DF LD (DF79h),A   AF=fdc0 BC=0010 DE=dfc5 HL=6afa SP=cff1 P1=004000 vc=0 bI
[006a8a] 6a8a 2A     LDI A,(HL)     AF=fdc0 BC=0010 DE=dfc5 HL=6afa SP=cff1 P1=004000 vc=0 bI
[006a8b] 6a8b EA7ADF LD (DF7Ah),A   AF=00c0 BC=0010 DE=dfc5 HL=6afb SP=cff1 P1=004000 vc=0 bI
[006a8e] 6a8e AF     XOR A          AF=00c0 BC=0010 DE=dfc5 HL=6afb SP=cff1 P1=004000 vc=0 bI
[006a8f] 6a8f EA75DF LD (DF75h),A   AF=0080 BC=0010 DE=dfc5 HL=6afb SP=cff1 P1=004000 vc=0 bI
[006a92] 6a92 EA77DF LD (DF77h),A   AF=0080 BC=0010 DE=dfc5 HL=6afb SP=cff1 P1=004000 vc=0 bI
[006a95] 6a95 C9     RET            AF=0080 BC=0010 DE=dfc5 HL=6afb SP=cff1 P1=004000 vc=0 bI
[006a6c] 6a6c C9     RET            AF=0080 BC=0010 DE=dfc5 HL=6afb SP=cff3 P1=004000 vc=0 bI
[006c7b] 6c7b 3E01   LD A,01h       AF=0320 BC=0010 DE=dfc5 HL=dfe9 SP=cff3 P1=004000 vc=0 bI
[006c7d] 6c7d EA70DF LD (DF70h),A   AF=0120 BC=0010 DE=dfc5 HL=dfe9 SP=cff3 P1=004000 vc=0 bI
[006c80] 6c80 2190DF LD HL,DF90h    AF=0120 BC=0010 DE=dfc5 HL=dfe9 SP=cff3 P1=004000 vc=0 bI
[006c83] 6c83 2C     INC L          AF=0120 BC=0010 DE=dfc5 HL=df90 SP=cff3 P1=004000 vc=0 bI
[006c84] 6c84 2A     LDI A,(HL)     AF=0100 BC=0010 DE=dfc5 HL=df91 SP=cff3 P1=004000 vc=0 bI
[006c85] 6c85 A7     AND A          AF=7600 BC=0010 DE=dfc5 HL=df92 SP=cff3 P1=004000 vc=0 bI
[006c86] 6c86 CA356C JP Z,6C35h     AF=7620 BC=0010 DE=dfc5 HL=df92 SP=cff3 P1=004000 vc=0 bI
[006c89] 6c89 35     DEC (HL)       AF=7620 BC=0010 DE=dfc5 HL=df92 SP=cff3 P1=004000 vc=0 bI
[006c8a] 6c8a C2096C JP NZ,6C09h    AF=76c0 BC=0010 DE=dfc5 HL=df92 SP=cff3 P1=004000 vc=0 bI
[006c8d] 6c8d 2C     INC L          AF=76c0 BC=0010 DE=dfc5 HL=df92 SP=cff3 P1=004000 vc=0 bI
[006c8e] 6c8e 2C     INC L          AF=7600 BC=0010 DE=dfc5 HL=df93 SP=cff3 P1=004000 vc=0 bI
[006c8f] 6c8f CDFF6B CALL 6BFFh     AF=7600 BC=0010 DE=dfc5 HL=df94 SP=cff3 P1=004000 vc=0 bI
[006bff] 6bff 2A     LDI A,(HL)     AF=7600 BC=0010 DE=dfc5 HL=df94 SP=cff1 P1=004000 vc=0 bI
[006c00] 6c00 4F     LD C,A         AF=ba00 BC=0010 DE=dfc5 HL=df95 SP=cff1 P1=004000 vc=0 bI
[006c01] 6c01 3A     LDD A,(HL)     AF=ba00 BC=00ba DE=dfc5 HL=df95 SP=cff1 P1=004000 vc=0 bI
[006c02] 6c02 47     LD B,A         AF=7600 BC=00ba DE=dfc5 HL=df94 SP=cff1 P1=004000 vc=0 bI
[006c03] 6c03 0A     LD A,(BC)      AF=7600 BC=76ba DE=dfc5 HL=df94 SP=cff1 P1=004000 vc=0 bI
[006c04] 6c04 47     LD B,A         AF=9d00 BC=76ba DE=dfc5 HL=df94 SP=cff1 P1=004000 vc=0 bI
[006c05] 6c05 C9     RET            AF=9d00 BC=9dba DE=dfc5 HL=df94 SP=cff1 P1=004000 vc=0 bI
[006c92] 6c92 FE00   CP 00h         AF=9d00 BC=9dba DE=dfc5 HL=df94 SP=cff3 P1=004000 vc=0 bI
[006c94] 6c94 CA3A6C JP Z,6C3Ah     AF=9d40 BC=9dba DE=dfc5 HL=df94 SP=cff3 P1=004000 vc=0 bI
[006c97] 6c97 FE9D   CP 9Dh         AF=9d40 BC=9dba DE=dfc5 HL=df94 SP=cff3 P1=004000 vc=0 bI
[006c99] 6c99 CABA6B JP Z,6BBAh     AF=9dc0 BC=9dba DE=dfc5 HL=df94 SP=cff3 P1=004000 vc=0 bI
[006bba] 6bba CDEA6B CALL 6BEAh     AF=9dc0 BC=9dba DE=dfc5 HL=df94 SP=cff3 P1=004000 vc=0 bI
[006bea] 6bea D5     PUSH DE        AF=9dc0 BC=9dba DE=dfc5 HL=df94 SP=cff1 P1=004000 vc=0 bI
[006beb] 6beb 2A     LDI A,(HL)     AF=9dc0 BC=9dba DE=dfc5 HL=df94 SP=cfef P1=004000 vc=0 bI
[006bec] 6bec 5F     LD E,A         AF=bac0 BC=9dba DE=dfc5 HL=df95 SP=cfef P1=004000 vc=0 bI
[006bed] 6bed 3A     LDD A,(HL)     AF=bac0 BC=9dba DE=dfba HL=df95 SP=cfef P1=004000 vc=0 bI
[006bee] 6bee 57     LD D,A         AF=76c0 BC=9dba DE=dfba HL=df94 SP=cfef P1=004000 vc=0 bI
[006bef] 6bef 13     INC DE         AF=76c0 BC=9dba DE=76ba HL=df94 SP=cfef P1=004000 vc=0 bI
[006bf0] 6bf0 7B     LD A,E         AF=76c0 BC=9dba DE=76bb HL=df94 SP=cfef P1=004000 vc=0 bI
[006bf1] 6bf1 22     LDI (HL),A     AF=bbc0 BC=9dba DE=76bb HL=df94 SP=cfef P1=004000 vc=0 bI
[006bf2] 6bf2 7A     LD A,D         AF=bbc0 BC=9dba DE=76bb HL=df95 SP=cfef P1=004000 vc=0 bI
[006bf3] 6bf3 32     LDD (HL),A     AF=76c0 BC=9dba DE=76bb HL=df95 SP=cfef P1=004000 vc=0 bI
[006bf4] 6bf4 D1     POP DE         AF=76c0 BC=9dba DE=76bb HL=df94 SP=cfef P1=004000 vc=0 bI
[006bf5] 6bf5 C9     RET            AF=76c0 BC=9dba DE=dfc5 HL=df94 SP=cff1 P1=004000 vc=0 bI
[006bbd] 6bbd CDFF6B CALL 6BFFh     AF=76c0 BC=9dba DE=dfc5 HL=df94 SP=cff3 P1=004000 vc=0 bI
[006bc0] 6bc0 5F     LD E,A         AF=74c0 BC=74bb DE=dfc5 HL=df94 SP=cff3 P1=004000 vc=0 bI
[006bc1] 6bc1 CDEA6B CALL 6BEAh     AF=74c0 BC=74bb DE=df74 HL=df94 SP=cff3 P1=004000 vc=0 bI
[006bc4] 6bc4 CDFF6B CALL 6BFFh     AF=76c0 BC=74bb DE=df74 HL=df94 SP=cff3 P1=004000 vc=0 bI
[006bc7] 6bc7 57     LD D,A         AF=00c0 BC=00bc DE=df74 HL=df94 SP=cff3 P1=004000 vc=0 bI
[006bc8] 6bc8 CDEA6B CALL 6BEAh     AF=00c0 BC=00bc DE=0074 HL=df94 SP=cff3 P1=004000 vc=0 bI
[006bcb] 6bcb CDFF6B CALL 6BFFh     AF=76c0 BC=00bc DE=0074 HL=df94 SP=cff3 P1=004000 vc=0 bI
[006bce] 6bce 4F     LD C,A         AF=80c0 BC=80bd DE=0074 HL=df94 SP=cff3 P1=004000 vc=0 bI
[006bcf] 6bcf 2C     INC L          AF=80c0 BC=8080 DE=0074 HL=df94 SP=cff3 P1=004000 vc=0 bI
[006bd0] 6bd0 2C     INC L          AF=8000 BC=8080 DE=0074 HL=df95 SP=cff3 P1=004000 vc=0 bI
[006bd1] 6bd1 73     LD (HL),E      AF=8000 BC=8080 DE=0074 HL=df96 SP=cff3 P1=004000 vc=0 bI
[006bd2] 6bd2 2C     INC L          AF=8000 BC=8080 DE=0074 HL=df96 SP=cff3 P1=004000 vc=0 bI
[006bd3] 6bd3 72     LD (HL),D      AF=8000 BC=8080 DE=0074 HL=df97 SP=cff3 P1=004000 vc=0 bI
[006bd4] 6bd4 2C     INC L          AF=8000 BC=8080 DE=0074 HL=df97 SP=cff3 P1=004000 vc=0 bI
[006bd5] 6bd5 71     LD (HL),C      AF=8000 BC=8080 DE=0074 HL=df98 SP=cff3 P1=004000 vc=0 bI
[006bd6] 6bd6 2D     DEC L          AF=8000 BC=8080 DE=0074 HL=df98 SP=cff3 P1=004000 vc=0 bI
[006bd7] 6bd7 2D     DEC L          AF=8040 BC=8080 DE=0074 HL=df97 SP=cff3 P1=004000 vc=0 bI
[006bd8] 6bd8 2D     DEC L          AF=8040 BC=8080 DE=0074 HL=df96 SP=cff3 P1=004000 vc=0 bI
[006bd9] 6bd9 2D     DEC L          AF=8040 BC=8080 DE=0074 HL=df95 SP=cff3 P1=004000 vc=0 bI
[006bda] 6bda E5     PUSH HL        AF=8040 BC=8080 DE=0074 HL=df94 SP=cff3 P1=004000 vc=0 bI
[006bdb] 6bdb 2170DF LD HL,DF70h    AF=8040 BC=8080 DE=0074 HL=df94 SP=cff1 P1=004000 vc=0 bI
[006bde] 6bde 7E     LD A,(HL)      AF=8040 BC=8080 DE=0074 HL=df70 SP=cff1 P1=004000 vc=0 bI
[006bdf] 6bdf E1     POP HL         AF=0140 BC=8080 DE=0074 HL=df70 SP=cff1 P1=004000 vc=0 bI
[006be0] 6be0 FE03   CP 03h         AF=0140 BC=8080 DE=0074 HL=df94 SP=cff3 P1=004000 vc=0 bI
[006be2] 6be2 28CA   JR Z,6BAEh     AF=0170 BC=8080 DE=0074 HL=df94 SP=cff3 P1=004000 vc=0 bI
[006be4] 6be4 CDEA6B CALL 6BEAh     AF=0170 BC=8080 DE=0074 HL=df94 SP=cff3 P1=004000 vc=0 bI
[006be7] 6be7 C38F6C JP 6C8Fh       AF=7670 BC=8080 DE=0074 HL=df94 SP=cff3 P1=004000 vc=0 bI
[006c9c] 6c9c E6F0   AND F0h        AF=a260 BC=a2be DE=0074 HL=df94 SP=cff3 P1=004000 vc=0 bI
[006c9e] 6c9e FEA0   CP A0h         AF=a020 BC=a2be DE=0074 HL=df94 SP=cff3 P1=004000 vc=0 bI
[006ca0] 6ca0 201A   JR NZ,6CBCh    AF=a0c0 BC=a2be DE=0074 HL=df94 SP=cff3 P1=004000 vc=0 bI
[006ca2] 6ca2 78     LD A,B         AF=a0c0 BC=a2be DE=0074 HL=df94 SP=cff3 P1=004000 vc=0 bI
[006ca3] 6ca3 E60F   AND 0Fh        AF=a2c0 BC=a2be DE=0074 HL=df94 SP=cff3 P1=004000 vc=0 bI
[006ca5] 6ca5 4F     LD C,A         AF=0220 BC=a2be DE=0074 HL=df94 SP=cff3 P1=004000 vc=0 bI
[006ca6] 6ca6 0600   LD B,00h       AF=0220 BC=a202 DE=0074 HL=df94 SP=cff3 P1=004000 vc=0 bI
[006ca8] 6ca8 E5     PUSH HL        AF=0220 BC=0002 DE=0074 HL=df94 SP=cff3 P1=004000 vc=0 bI
[006ca9] 6ca9 1181DF LD DE,DF81h    AF=0220 BC=0002 DE=0074 HL=df94 SP=cff1 P1=004000 vc=0 bI
[006cac] 6cac 1A     LD A,(DE)      AF=0220 BC=0002 DE=df81 HL=df94 SP=cff1 P1=004000 vc=0 bI
[006cad] 6cad 6F     LD L,A         AF=3f20 BC=0002 DE=df81 HL=df94 SP=cff1 P1=004000 vc=0 bI
[006cae] 6cae 13     INC DE         AF=3f20 BC=0002 DE=df81 HL=df3f SP=cff1 P1=004000 vc=0 bI
[006caf] 6caf 1A     LD A,(DE)      AF=3f20 BC=0002 DE=df82 HL=df3f SP=cff1 P1=004000 vc=0 bI
[006cb0] 6cb0 67     LD H,A         AF=6f20 BC=0002 DE=df82 HL=df3f SP=cff1 P1=004000 vc=0 bI
[006cb1] 6cb1 09     ADD HL,BC      AF=6f20 BC=0002 DE=df82 HL=6f3f SP=cff1 P1=004000 vc=0 bI
[006cb2] 6cb2 7E     LD A,(HL)      AF=6f00 BC=0002 DE=df82 HL=6f41 SP=cff1 P1=004000 vc=0 bI
[006cb3] 6cb3 E1     POP HL         AF=0c00 BC=0002 DE=df82 HL=6f41 SP=cff1 P1=004000 vc=0 bI
[006cb4] 6cb4 2D     DEC L          AF=0c00 BC=0002 DE=df82 HL=df94 SP=cff3 P1=004000 vc=0 bI
[006cb5] 6cb5 22     LDI (HL),A     AF=0c40 BC=0002 DE=df82 HL=df93 SP=cff3 P1=004000 vc=0 bI
[006cb6] 6cb6 CDEA6B CALL 6BEAh     AF=0c40 BC=0002 DE=df82 HL=df94 SP=cff3 P1=004000 vc=0 bI
[006cb9] 6cb9 CDFF6B CALL 6BFFh     AF=7640 BC=0002 DE=df82 HL=df94 SP=cff3 P1=004000 vc=0 bI
[006cbc] 6cbc 78     LD A,B         AF=3640 BC=36bf DE=df82 HL=df94 SP=cff3 P1=004000 vc=0 bI
[006cbd] 6cbd 4F     LD C,A         AF=3640 BC=36bf DE=df82 HL=df94 SP=cff3 P1=004000 vc=0 bI
[006cbe] 6cbe 0600   LD B,00h       AF=3640 BC=3636 DE=df82 HL=df94 SP=cff3 P1=004000 vc=0 bI
[006cc0] 6cc0 CDEA6B CALL 6BEAh     AF=3640 BC=0036 DE=df82 HL=df94 SP=cff3 P1=004000 vc=0 bI
[006cc3] 6cc3 FA70DF LD A,(DF70h)   AF=7640 BC=0036 DE=df82 HL=df94 SP=cff3 P1=004000 vc=0 bI
[006cc6] 6cc6 FE04   CP 04h         AF=0140 BC=0036 DE=df82 HL=df94 SP=cff3 P1=004000 vc=0 bI
[006cc8] 6cc8 CAED6C JP Z,6CEDh     AF=0170 BC=0036 DE=df82 HL=df94 SP=cff3 P1=004000 vc=0 bI
[006ccb] 6ccb E5     PUSH HL        AF=0170 BC=0036 DE=df82 HL=df94 SP=cff3 P1=004000 vc=0 bI
[006ccc] 6ccc 7D     LD A,L         AF=0170 BC=0036 DE=df82 HL=df94 SP=cff1 P1=004000 vc=1 BI
[006ccd] 6ccd C605   ADD A,05h      AF=9470 BC=0036 DE=df82 HL=df94 SP=cff1 P1=004000 vc=1 BI
[006ccf] 6ccf 6F     LD L,A         AF=9900 BC=0036 DE=df82 HL=df94 SP=cff1 P1=004000 vc=1 BI
[006cd0] 6cd0 5D     LD E,L         AF=9900 BC=0036 DE=df82 HL=df99 SP=cff1 P1=004000 vc=1 BI
[006cd1] 6cd1 54     LD D,H         AF=9900 BC=0036 DE=df99 HL=df99 SP=cff1 P1=004000 vc=1 BI
[006cd2] 6cd2 2C     INC L          AF=9900 BC=0036 DE=df99 HL=df99 SP=cff1 P1=004000 vc=1 BI
[006cd3] 6cd3 2C     INC L          AF=9900 BC=0036 DE=df99 HL=df9a SP=cff1 P1=004000 vc=1 BI
[006cd4] 6cd4 79     LD A,C         AF=9900 BC=0036 DE=df99 HL=df9b SP=cff1 P1=004000 vc=1 BI
[006cd5] 6cd5 FE01   CP 01h         AF=3600 BC=0036 DE=df99 HL=df9b SP=cff1 P1=004000 vc=1 BI
[006cd7] 6cd7 280F   JR Z,6CE8h     AF=3640 BC=0036 DE=df99 HL=df9b SP=cff1 P1=004000 vc=1 BI
[006cd9] 6cd9 3600   LD (HL),00h    AF=3640 BC=0036 DE=df99 HL=df9b SP=cff1 P1=004000 vc=1 BI
[006cdb] 6cdb 21336E LD HL,6E33h    AF=3640 BC=0036 DE=df99 HL=df9b SP=cff1 P1=004000 vc=1 BI
[006cde] 6cde 09     ADD HL,BC      AF=3640 BC=0036 DE=df99 HL=6e33 SP=cff1 P1=004000 vc=1 BI
[006cdf] 6cdf 2A     LDI A,(HL)     AF=3600 BC=0036 DE=df99 HL=6e69 SP=cff1 P1=004000 vc=1 BI
[006ce0] 6ce0 12     LD (DE),A      AF=4200 BC=0036 DE=df99 HL=6e6a SP=cff1 P1=004000 vc=1 BI
[006ce1] 6ce1 1C     INC E          AF=4200 BC=0036 DE=df99 HL=6e6a SP=cff1 P1=004000 vc=1 BI
[006ce2] 6ce2 7E     LD A,(HL)      AF=4200 BC=0036 DE=df9a HL=6e6a SP=cff1 P1=004000 vc=1 BI
[006ce3] 6ce3 12     LD (DE),A      AF=0600 BC=0036 DE=df9a HL=6e6a SP=cff1 P1=004000 vc=1 BI
[006ce4] 6ce4 E1     POP HL         AF=0600 BC=0036 DE=df9a HL=6e6a SP=cff1 P1=004000 vc=1 BI
[006ce5] 6ce5 C3046D JP 6D04h       AF=0600 BC=0036 DE=df9a HL=df94 SP=cff3 P1=004000 vc=1 BI
[006d04] 6d04 E5     PUSH HL        AF=0600 BC=0036 DE=df9a HL=df94 SP=cff3 P1=004000 vc=1 BI
[006d05] 6d05 FA70DF LD A,(DF70h)   AF=0600 BC=0036 DE=df9a HL=df94 SP=cff1 P1=004000 vc=1 BI
[006d08] 6d08 FE01   CP 01h         AF=0100 BC=0036 DE=df9a HL=df94 SP=cff1 P1=004000 vc=1 BI
[006d0a] 6d0a 2821   JR Z,6D2Dh     AF=01c0 BC=0036 DE=df9a HL=df94 SP=cff1 P1=004000 vc=1 BI
[006d2d] 6d2d 0E10   LD C,10h       AF=01c0 BC=0036 DE=df9a HL=df94 SP=cff1 P1=004000 vc=1 BI
[006d2f] 6d2f 3E00   LD A,00h       AF=01c0 BC=0010 DE=df9a HL=df94 SP=cff1 P1=004000 vc=1 BI
[006d31] 6d31 0C     INC C          AF=00c0 BC=0010 DE=df9a HL=df94 SP=cff1 P1=004000 vc=1 BI
[006d32] 6d32 2C     INC L          AF=0000 BC=0011 DE=df9a HL=df94 SP=cff1 P1=004000 vc=1 BI
[006d33] 6d33 2C     INC L          AF=0000 BC=0011 DE=df9a HL=df95 SP=cff1 P1=004000 vc=1 BI
[006d34] 6d34 2C     INC L          AF=0000 BC=0011 DE=df9a HL=df96 SP=cff1 P1=004000 vc=1 BI
[006d35] 6d35 3A     LDD A,(HL)     AF=0000 BC=0011 DE=df9a HL=df97 SP=cff1 P1=004000 vc=1 BI
[006d36] 6d36 A7     AND A          AF=0000 BC=0011 DE=df9a HL=df96 SP=cff1 P1=004000 vc=1 bI
[006d37] 6d37 204F   JR NZ,6D88h    AF=00a0 BC=0011 DE=df9a HL=df96 SP=cff1 P1=004000 vc=1 bI
[006d39] 6d39 2A     LDI A,(HL)     AF=00a0 BC=0011 DE=df9a HL=df96 SP=cff1 P1=004000 vc=1 bI
[006d3a] 6d3a 5F     LD E,A         AF=74a0 BC=0011 DE=df9a HL=df97 SP=cff1 P1=004000 vc=1 bI
[006d3b] 6d3b 2C     INC L          AF=74a0 BC=0011 DE=df74 HL=df97 SP=cff1 P1=004000 vc=1 bI
[006d3c] 6d3c 2A     LDI A,(HL)     AF=7400 BC=0011 DE=df74 HL=df98 SP=cff1 P1=004000 vc=1 bI
[006d3d] 6d3d 57     LD D,A         AF=8000 BC=0011 DE=df74 HL=df99 SP=cff1 P1=004000 vc=1 bI
[006d3e] 6d3e E5     PUSH HL        AF=8000 BC=0011 DE=8074 HL=df99 SP=cff1 P1=004000 vc=1 bI
[006d3f] 6d3f 2C     INC L          AF=8000 BC=0011 DE=8074 HL=df99 SP=cfef P1=004000 vc=1 bI
[006d40] 6d40 2C     INC L          AF=8000 BC=0011 DE=8074 HL=df9a SP=cfef P1=004000 vc=1 bI
[006d41] 6d41 2A     LDI A,(HL)     AF=8000 BC=0011 DE=8074 HL=df9b SP=cfef P1=004000 vc=1 bI
[006d42] 6d42 A7     AND A          AF=0000 BC=0011 DE=8074 HL=df9c SP=cfef P1=004000 vc=1 bI
[006d43] 6d43 2802   JR Z,6D47h     AF=00a0 BC=0011 DE=8074 HL=df9c SP=cfef P1=004000 vc=1 bI
[006d47] 6d47 2C     INC L          AF=00a0 BC=0011 DE=8074 HL=df9c SP=cfef P1=004000 vc=1 bI
[006d48] 6d48 2C     INC L          AF=0000 BC=0011 DE=8074 HL=df9d SP=cfef P1=004000 vc=1 bI
[006d49] 6d49 3600   LD (HL),00h    AF=0000 BC=0011 DE=8074 HL=df9e SP=cfef P1=004000 vc=1 bI
[006d4b] 6d4b 2C     INC L          AF=0000 BC=0011 DE=8074 HL=df9e SP=cfef P1=004000 vc=1 bI
[006d4c] 6d4c 7E     LD A,(HL)      AF=0000 BC=0011 DE=8074 HL=df9f SP=cfef P1=004000 vc=1 bI
[006d4d] 6d4d E1     POP HL         AF=0000 BC=0011 DE=8074 HL=df9f SP=cfef P1=004000 vc=1 bI
[006d4e] 6d4e CB7F   BIT 7,A        AF=0000 BC=0011 DE=8074 HL=df99 SP=cff1 P1=004000 vc=1 bI
[006d50] 6d50 2013   JR NZ,6D65h    AF=00a0 BC=0011 DE=8074 HL=df99 SP=cff1 P1=004000 vc=1 bI
[006d52] 6d52 7A     LD A,D         AF=00a0 BC=0011 DE=8074 HL=df99 SP=cff1 P1=004000 vc=1 bI
[006d53] 6d53 E2     LD (FF00h+C),A AF=80a0 BC=0011 DE=8074 HL=df99 SP=cff1 P1=004000 vc=1 bI
[006d54] 6d54 0C     INC C          AF=80a0 BC=0011 DE=8074 HL=df99 SP=cff1 P1=004000 vc=1 bI
[006d55] 6d55 7B     LD A,E         AF=8000 BC=0012 DE=8074 HL=df99 SP=cff1 P1=004000 vc=1 bI
[006d56] 6d56 E2     LD (FF00h+C),A AF=7400 BC=0012 DE=8074 HL=df99 SP=cff1 P1=004000 vc=1 bI
[006d57] 6d57 0C     INC C          AF=7400 BC=0012 DE=8074 HL=df99 SP=cff1 P1=004000 vc=1 bI
[006d58] 6d58 2A     LDI A,(HL)     AF=7400 BC=0013 DE=8074 HL=df99 SP=cff1 P1=004000 vc=1 bI
[006d59] 6d59 E2     LD (FF00h+C),A AF=4200 BC=0013 DE=8074 HL=df9a SP=cff1 P1=004000 vc=1 bI
[006d5a] 6d5a 0C     INC C          AF=4200 BC=0013 DE=8074 HL=df9a SP=cff1 P1=004000 vc=1 bI
[006d5b] 6d5b 7E     LD A,(HL)      AF=4200 BC=0014 DE=8074 HL=df9a SP=cff1 P1=004000 vc=1 bI
[006d5c] 6d5c F680   OR 80h         AF=0600 BC=0014 DE=8074 HL=df9a SP=cff1 P1=004000 vc=2 BI
[006d5e] 6d5e E2     LD (FF00h+C),A AF=8600 BC=0014 DE=8074 HL=df9a SP=cff1 P1=004000 vc=2 BI
[006d5f] 6d5f 7D     LD A,L         AF=8600 BC=0014 DE=8074 HL=df9a SP=cff1 P1=004000 vc=2 BI
[006d60] 6d60 F605   OR 05h         AF=9a00 BC=0014 DE=8074 HL=df9a SP=cff1 P1=004000 vc=2 BI
[006d62] 6d62 6F     LD L,A         AF=9f00 BC=0014 DE=8074 HL=df9a SP=cff1 P1=004000 vc=2 BI
[006d63] 6d63 CB86   RES 0,(HL)     AF=9f00 BC=0014 DE=8074 HL=df9f SP=cff1 P1=004000 vc=2 BI
[006d65] 6d65 E1     POP HL         AF=9f00 BC=0014 DE=8074 HL=df9f SP=cff1 P1=004000 vc=2 BI
[006d66] 6d66 2D     DEC L          AF=9f00 BC=0014 DE=8074 HL=df94 SP=cff3 P1=004000 vc=2 BI
[006d67] 6d67 3A     LDD A,(HL)     AF=9f40 BC=0014 DE=8074 HL=df93 SP=cff3 P1=004000 vc=2 BI
[006d68] 6d68 32     LDD (HL),A     AF=0c40 BC=0014 DE=8074 HL=df92 SP=cff3 P1=004000 vc=2 BI
[006d69] 6d69 2D     DEC L          AF=0c40 BC=0014 DE=8074 HL=df91 SP=cff3 P1=004000 vc=2 BI
[006d6a] 6d6a 1170DF LD DE,DF70h    AF=0c40 BC=0014 DE=8074 HL=df90 SP=cff3 P1=004000 vc=2 BI
[006d6d] 6d6d 1A     LD A,(DE)      AF=0c40 BC=0014 DE=df70 HL=df90 SP=cff3 P1=004000 vc=2 BI
[006d6e] 6d6e FE04   CP 04h         AF=0140 BC=0014 DE=df70 HL=df90 SP=cff3 P1=004000 vc=2 BI
[006d70] 6d70 2809   JR Z,6D7Bh     AF=0170 BC=0014 DE=df70 HL=df90 SP=cff3 P1=004000 vc=2 BI
[006d72] 6d72 3C     INC A          AF=0170 BC=0014 DE=df70 HL=df90 SP=cff3 P1=004000 vc=2 BI
[006d73] 6d73 12     LD (DE),A      AF=0210 BC=0014 DE=df70 HL=df90 SP=cff3 P1=004000 vc=2 BI
[006d74] 6d74 111000 LD DE,0010h    AF=0210 BC=0014 DE=df70 HL=df90 SP=cff3 P1=004000 vc=2 BI
[006d77] 6d77 19     ADD HL,DE      AF=0210 BC=0014 DE=0010 HL=df90 SP=cff3 P1=004000 vc=2 BI
[006d78] 6d78 C3836C JP 6C83h       AF=0200 BC=0014 DE=0010 HL=dfa0 SP=cff3 P1=004000 vc=2 BI
[006d0c] 6d0c FE02   CP 02h         AF=0240 BC=003c DE=dfaa HL=dfa4 SP=cff1 P1=004000 vc=6 BI
[006d0e] 6d0e 2819   JR Z,6D29h     AF=02c0 BC=003c DE=dfaa HL=dfa4 SP=cff1 P1=004000 vc=6 bI
[006d29] 6d29 0E16   LD C,16h       AF=02c0 BC=003c DE=dfaa HL=dfa4 SP=cff1 P1=004000 vc=6 bI
[006d2b] 6d2b 1805   JR 6D32h       AF=02c0 BC=0016 DE=dfaa HL=dfa4 SP=cff1 P1=004000 vc=6 bI
[006bae] 6bae E5     PUSH HL        AF=03c0 BC=2020 DE=6f1a HL=dfb4 SP=cff3 P1=004000 vc=9 BI
[006baf] 6baf AF     XOR A          AF=03c0 BC=2020 DE=6f1a HL=dfb4 SP=cff1 P1=004000 vc=9 BI
[006bb0] 6bb0 E01A   LD (FF1Ah),A   AF=0080 BC=2020 DE=6f1a HL=dfb4 SP=cff1 P1=004000 vc=9 BI
[006bb2] 6bb2 6B     LD L,E         AF=0080 BC=2020 DE=6f1a HL=dfb4 SP=cff1 P1=004000 vc=9 bI
[006bb3] 6bb3 62     LD H,D         AF=0080 BC=2020 DE=6f1a HL=df1a SP=cff1 P1=004000 vc=9 bI
[006bb4] 6bb4 CDC969 CALL 69C9h     AF=0080 BC=2020 DE=6f1a HL=6f1a SP=cff1 P1=004000 vc=9 bI
[0069c9] 69c9 C5     PUSH BC        AF=0080 BC=2020 DE=6f1a HL=6f1a SP=cfef P1=004000 vc=9 bI
[0069ca] 69ca 0E30   LD C,30h       AF=0080 BC=2020 DE=6f1a HL=6f1a SP=cfed P1=004000 vc=9 bI
[0069cc] 69cc 2A     LDI A,(HL)     AF=0080 BC=2030 DE=6f1a HL=6f1a SP=cfed P1=004000 vc=9 bI
[0069cd] 69cd E2     LD (FF00h+C),A AF=1180 BC=2030 DE=6f1a HL=6f1b SP=cfed P1=004000 vc=9 bI
[0069ce] 69ce 0C     INC C          AF=1180 BC=2030 DE=6f1a HL=6f1b SP=cfed P1=004000 vc=9 bI
[0069cf] 69cf 79     LD A,C         AF=1100 BC=2031 DE=6f1a HL=6f1b SP=cfed P1=004000 vc=9 bI
[0069d0] 69d0 FE40   CP 40h         AF=3100 BC=2031 DE=6f1a HL=6f1b SP=cfed P1=004000 vc=9 bI
[0069d2] 69d2 20F8   JR NZ,69CCh    AF=3150 BC=2031 DE=6f1a HL=6f1b SP=cfed P1=004000 vc=9 bI
[0069d4] 69d4 C1     POP BC         AF=40c0 BC=2040 DE=6f1a HL=6f2a SP=cfed P1=004000 vc=11 BI
[0069d5] 69d5 C9     RET            AF=40c0 BC=2020 DE=6f1a HL=6f2a SP=cfef P1=004000 vc=11 BI
[006bb7] 6bb7 E1     POP HL         AF=40c0 BC=2020 DE=6f1a HL=6f2a SP=cff1 P1=004000 vc=11 BI
[006bb8] 6bb8 182A   JR 6BE4h       AF=40c0 BC=2020 DE=6f1a HL=dfb4 SP=cff3 P1=004000 vc=11 BI
[006d10] 6d10 0E1A   LD C,1Ah       AF=0340 BC=0048 DE=dfba HL=dfb4 SP=cff1 P1=004000 vc=13 bI
[006d12] 6d12 FABFDF LD A,(DFBFh)   AF=0340 BC=001a DE=dfba HL=dfb4 SP=cff1 P1=004000 vc=13 bI
[006d15] 6d15 CB7F   BIT 7,A        AF=0040 BC=001a DE=dfba HL=dfb4 SP=cff1 P1=004000 vc=13 bI
[006d17] 6d17 2005   JR NZ,6D1Eh    AF=00a0 BC=001a DE=dfba HL=dfb4 SP=cff1 P1=004000 vc=13 bI
[006d19] 6d19 AF     XOR A          AF=00a0 BC=001a DE=dfba HL=dfb4 SP=cff1 P1=004000 vc=13 bI
[006d1a] 6d1a E2     LD (FF00h+C),A AF=0080 BC=001a DE=dfba HL=dfb4 SP=cff1 P1=004000 vc=13 bI
[006d1b] 6d1b 3E80   LD A,80h       AF=0080 BC=001a DE=dfba HL=dfb4 SP=cff1 P1=004000 vc=13 bI
[006d1d] 6d1d E2     LD (FF00h+C),A AF=8080 BC=001a DE=dfba HL=dfb4 SP=cff1 P1=004000 vc=13 bI
[006d1e] 6d1e 0C     INC C          AF=8080 BC=001a DE=dfba HL=dfb4 SP=cff1 P1=004000 vc=13 bI
[006d1f] 6d1f 2C     INC L          AF=8000 BC=001b DE=dfba HL=dfb4 SP=cff1 P1=004000 vc=13 bI
[006d20] 6d20 2C     INC L          AF=8000 BC=001b DE=dfba HL=dfb5 SP=cff1 P1=004000 vc=13 bI
[006d21] 6d21 2C     INC L          AF=8000 BC=001b DE=dfba HL=dfb6 SP=cff1 P1=004000 vc=13 bI
[006d22] 6d22 2C     INC L          AF=8000 BC=001b DE=dfba HL=dfb7 SP=cff1 P1=004000 vc=13 bI
[006d23] 6d23 2A     LDI A,(HL)     AF=8000 BC=001b DE=dfba HL=dfb8 SP=cff1 P1=004000 vc=13 bI
[006d24] 6d24 5F     LD E,A         AF=2000 BC=001b DE=dfba HL=dfb9 SP=cff1 P1=004000 vc=13 bI
[006d25] 6d25 1600   LD D,00h       AF=2000 BC=001b DE=df20 HL=dfb9 SP=cff1 P1=004000 vc=13 bI
[006d27] 6d27 1815   JR 6D3Eh       AF=2000 BC=001b DE=0020 HL=dfb9 SP=cff1 P1=004000 vc=13 bI
[006ced] 6ced E5     PUSH HL        AF=04c0 BC=0001 DE=df82 HL=dfc4 SP=cff3 P1=004000 vc=16 BI
[006cee] 6cee 11C6DF LD DE,DFC6h    AF=04c0 BC=0001 DE=df82 HL=dfc4 SP=cff1 P1=004000 vc=16 BI
[006cf1] 6cf1 21C56E LD HL,6EC5h    AF=04c0 BC=0001 DE=dfc6 HL=dfc4 SP=cff1 P1=004000 vc=16 BI
[006cf4] 6cf4 09     ADD HL,BC      AF=04c0 BC=0001 DE=dfc6 HL=6ec5 SP=cff1 P1=004000 vc=16 BI
[006cf5] 6cf5 2A     LDI A,(HL)     AF=0480 BC=0001 DE=dfc6 HL=6ec6 SP=cff1 P1=004000 vc=16 BI
[006cf6] 6cf6 12     LD (DE),A      AF=0080 BC=0001 DE=dfc6 HL=6ec7 SP=cff1 P1=004000 vc=16 BI
[006cf7] 6cf7 1C     INC E          AF=0080 BC=0001 DE=dfc6 HL=6ec7 SP=cff1 P1=004000 vc=16 BI
[006cf8] 6cf8 7B     LD A,E         AF=0000 BC=0001 DE=dfc7 HL=6ec7 SP=cff1 P1=004000 vc=16 BI
[006cf9] 6cf9 FECB   CP CBh         AF=c700 BC=0001 DE=dfc7 HL=6ec7 SP=cff1 P1=004000 vc=16 BI
[006cfb] 6cfb 20F8   JR NZ,6CF5h    AF=c770 BC=0001 DE=dfc7 HL=6ec7 SP=cff1 P1=004000 vc=16 BI
[006cfd] 6cfd 0E20   LD C,20h       AF=cbc0 BC=0001 DE=dfcb HL=6ecb SP=cff1 P1=004000 vc=16 bI
[006cff] 6cff 21C4DF LD HL,DFC4h    AF=cbc0 BC=0020 DE=dfcb HL=6ecb SP=cff1 P1=004000 vc=16 bI
[006d02] 6d02 182E   JR 6D32h       AF=cbc0 BC=0020 DE=dfcb HL=dfc4 SP=cff1 P1=004000 vc=16 bI
[006d7b] 6d7b 219EDF LD HL,DF9Eh    AF=04c0 BC=0023 DE=df70 HL=dfc0 SP=cff3 P1=004000 vc=17 BI
[006d7e] 6d7e 34     INC (HL)       AF=04c0 BC=0023 DE=df70 HL=df9e SP=cff3 P1=004000 vc=17 BI
[006d7f] 6d7f 21AEDF LD HL,DFAEh    AF=0400 BC=0023 DE=df70 HL=df9e SP=cff3 P1=004000 vc=17 bI
[006d82] 6d82 34     INC (HL)       AF=0400 BC=0023 DE=df70 HL=dfae SP=cff3 P1=004000 vc=17 bI
[006d83] 6d83 21BEDF LD HL,DFBEh    AF=0400 BC=0023 DE=df70 HL=dfae SP=cff3 P1=004000 vc=17 bI
[006d86] 6d86 34     INC (HL)       AF=0400 BC=0023 DE=df70 HL=dfbe SP=cff3 P1=004000 vc=17 bI
[006d87] 6d87 C9     RET            AF=0400 BC=0023 DE=df70 HL=dfbe SP=cff3 P1=004000 vc=17 bI
[006a9c] 6a9c 2175DF LD HL,DF75h    AF=0320 BC=0023 DE=df70 HL=dfbe SP=cff3 P1=004000 vc=17 bI
[006a9f] 6a9f FA78DF LD A,(DF78h)   AF=0320 BC=0023 DE=df70 HL=df75 SP=cff3 P1=004000 vc=17 bI
[006aa2] 6aa2 FE01   CP 01h         AF=0120 BC=0023 DE=df70 HL=df75 SP=cff3 P1=004000 vc=17 bI
[006aa4] 6aa4 2837   JR Z,6ADDh     AF=01c0 BC=0023 DE=df70 HL=df75 SP=cff3 P1=004000 vc=17 bI
[006add] 6add FA79DF LD A,(DF79h)   AF=01c0 BC=0023 DE=df70 HL=df75 SP=cff3 P1=004000 vc=17 bI
[006ae0] 6ae0 18DE   JR 6AC0h       AF=fdc0 BC=0023 DE=df70 HL=df75 SP=cff3 P1=004000 vc=17 bI
[006ac0] 6ac0 47     LD B,A         AF=fdc0 BC=0023 DE=df70 HL=df75 SP=cff3 P1=004000 vc=17 bI
[006ac1] 6ac1 FAF1DF LD A,(DFF1h)   AF=fdc0 BC=fd23 DE=df70 HL=df75 SP=cff3 P1=004000 vc=17 bI
[006ac4] 6ac4 A7     AND A          AF=00c0 BC=fd23 DE=df70 HL=df75 SP=cff3 P1=004000 vc=18 BI
[006ac5] 6ac5 2804   JR Z,6ACBh     AF=00a0 BC=fd23 DE=df70 HL=df75 SP=cff3 P1=004000 vc=18 BI
[006acb] 6acb FAF9DF LD A,(DFF9h)   AF=00a0 BC=fd23 DE=df70 HL=df75 SP=cff3 P1=004000 vc=18 BI
[006ace] 6ace A7     AND A          AF=00a0 BC=fd23 DE=df70 HL=df75 SP=cff3 P1=004000 vc=18 BI
[006acf] 6acf 2804   JR Z,6AD5h     AF=00a0 BC=fd23 DE=df70 HL=df75 SP=cff3 P1=004000 vc=18 BI
[006ad5] 6ad5 78     LD A,B         AF=00a0 BC=fd23 DE=df70 HL=df75 SP=cff3 P1=004000 vc=18 BI
[0004e6] 04e6 F0A6   LD A,(FFA6h)   AF=0e00 BC=0000 DE=04e6 HL=04e6 SP=cffd P1=004000 vc=19 bI
[0004e8] 04e8 A7     AND A          AF=7c00 BC=0000 DE=04e6 HL=04e6 SP=cffd P1=004000 vc=20 BI
[0004e9] 04e9 200A   JR NZ,04F5h    AF=7c20 BC=0000 DE=04e6 HL=04e6 SP=cffd P1=004000 vc=20 BI
[0004f5] 04f5 CD070B CALL 0B07h     AF=7c20 BC=0000 DE=04e6 HL=04e6 SP=cffd P1=004000 vc=20 BI
[000b07] 0b07 C5     PUSH BC        AF=7c20 BC=0000 DE=04e6 HL=04e6 SP=cffb P1=004000 vc=20 BI
[000b08] 0b08 06FA   LD B,FAh       AF=7c20 BC=0000 DE=04e6 HL=04e6 SP=cff9 P1=004000 vc=20 BI
[000b0a] 0b0a 40     LD B,B         AF=7c20 BC=fa00 DE=04e6 HL=04e6 SP=cff9 P1=004000 vc=20 BI
[000b0b] 0b0b 05     DEC B          AF=7c20 BC=fa00 DE=04e6 HL=04e6 SP=cff9 P1=004000 vc=20 BI
[000b0c] 0b0c 20FC   JR NZ,0B0Ah    AF=7c40 BC=f900 DE=04e6 HL=04e6 SP=cff9 P1=004000 vc=20 BI
[000b0e] 0b0e C1     POP BC         AF=7cc0 BC=0000 DE=04e6 HL=04e6 SP=cff9 P1=004000 vc=31 BI
[000b0f] 0b0f C9     RET            AF=7cc0 BC=0000 DE=04e6 HL=04e6 SP=cffb P1=004000 vc=31 BI
[0004f8] 04f8 3E55   LD A,55h       AF=7cc0 BC=0000 DE=04e6 HL=04e6 SP=cffd P1=004000 vc=31 BI
[0004fa] 04fa E001   LD (FF01h),A   AF=55c0 BC=0000 DE=04e6 HL=04e6 SP=cffd P1=004000 vc=31 BI
[0004fc] 04fc 3E80   LD A,80h       AF=55c0 BC=0000 DE=04e6 HL=04e6 SP=cffd P1=004000 vc=31 BI
[0004fe] 04fe E002   LD (FF02h),A   AF=80c0 BC=0000 DE=04e6 HL=04e6 SP=cffd P1=004000 vc=31 BI
[000500] 0500 F0CC   LD A,(FFCCh)   AF=80c0 BC=0000 DE=04e6 HL=04e6 SP=cffd P1=004000 vc=31 BI
[000502] 0502 A7     AND A          AF=00c0 BC=0000 DE=04e6 HL=04e6 SP=cffd P1=004000 vc=31 BI
[000503] 0503 280A   JR Z,050Fh     AF=00a0 BC=0000 DE=04e6 HL=04e6 SP=cffd P1=004000 vc=31 BI
[00050f] 050f F081   LD A,(FF81h)   AF=00a0 BC=0000 DE=04e6 HL=04e6 SP=cffd P1=004000 vc=31 BI
[000511] 0511 47     LD B,A         AF=00a0 BC=0000 DE=04e6 HL=04e6 SP=cffd P1=004000 vc=31 BI
[000512] 0512 F0C5   LD A,(FFC5h)   AF=00a0 BC=0000 DE=04e6 HL=04e6 SP=cffd P1=004000 vc=31 BI
[000514] 0514 CB50   BIT 2,B        AF=00a0 BC=0000 DE=04e6 HL=04e6 SP=cffd P1=004000 vc=31 BI
[000516] 0516 2048   JR NZ,0560h    AF=00a0 BC=0000 DE=04e6 HL=04e6 SP=cffd P1=004000 vc=31 BI
[000518] 0518 CB60   BIT 4,B        AF=00a0 BC=0000 DE=04e6 HL=04e6 SP=cffd P1=004000 vc=31 BI
[00051a] 051a 2053   JR NZ,056Fh    AF=00a0 BC=0000 DE=04e6 HL=04e6 SP=cffd P1=004000 vc=31 BI
[00051c] 051c CB68   BIT 5,B        AF=00a0 BC=0000 DE=04e6 HL=04e6 SP=cffd P1=004000 vc=31 BI
[00051e] 051e 2054   JR NZ,0574h    AF=00a0 BC=0000 DE=04e6 HL=04e6 SP=cffd P1=004000 vc=31 BI
[000520] 0520 CB58   BIT 3,B        AF=00a0 BC=0000 DE=04e6 HL=04e6 SP=cffd P1=004000 vc=31 BI
[000522] 0522 C8     RET Z          AF=00a0 BC=0000 DE=04e6 HL=04e6 SP=cffd P1=004000 vc=31 BI
[006c09] 6c09 FA70DF LD A,(DF70h)   AF=7640 BC=0000 DE=dff9 HL=df92 SP=cff3 P1=004000 vc=33 BI
[006c0c] 6c0c FE03   CP 03h         AF=0140 BC=0000 DE=dff9 HL=df92 SP=cff3 P1=004000 vc=33 BI
[006c0e] 6c0e 2010   JR NZ,6C20h    AF=0170 BC=0000 DE=dff9 HL=df92 SP=cff3 P1=004000 vc=33 BI
[006c20] 6c20 E5     PUSH HL        AF=0170 BC=0000 DE=dff9 HL=df92 SP=cff3 P1=004000 vc=33 BI
[006c21] 6c21 7D     LD A,L         AF=0170 BC=0000 DE=dff9 HL=df92 SP=cff1 P1=004000 vc=33 BI
[006c22] 6c22 C609   ADD A,09h      AF=9270 BC=0000 DE=dff9 HL=df92 SP=cff1 P1=004000 vc=33 BI
[006c24] 6c24 6F     LD L,A         AF=9b00 BC=0000 DE=dff9 HL=df92 SP=cff1 P1=004000 vc=33 BI
[006c25] 6c25 7E     LD A,(HL)      AF=9b00 BC=0000 DE=dff9 HL=df9b SP=cff1 P1=004000 vc=33 BI
[006c26] 6c26 A7     AND A          AF=0000 BC=0000 DE=dff9 HL=df9b SP=cff1 P1=004000 vc=33 BI
[006c27] 6c27 20DD   JR NZ,6C06h    AF=00a0 BC=0000 DE=dff9 HL=df9b SP=cff1 P1=004000 vc=33 BI
[006c29] 6c29 7D     LD A,L         AF=00a0 BC=0000 DE=dff9 HL=df9b SP=cff1 P1=004000 vc=33 BI
[006c2a] 6c2a C604   ADD A,04h      AF=9ba0 BC=0000 DE=dff9 HL=df9b SP=cff1 P1=004000 vc=33 bI
[006c2c] 6c2c 6F     LD L,A         AF=9f00 BC=0000 DE=dff9 HL=df9b SP=cff1 P1=004000 vc=33 bI
[006c2d] 6c2d CB7E   BIT 7,(HL)     AF=9f00 BC=0000 DE=dff9 HL=df9f SP=cff1 P1=004000 vc=33 bI
[006c2f] 6c2f 20D5   JR NZ,6C06h    AF=9fa0 BC=0000 DE=dff9 HL=df9f SP=cff1 P1=004000 vc=33 bI
[006c31] 6c31 E1     POP HL         AF=9fa0 BC=0000 DE=dff9 HL=df9f SP=cff1 P1=004000 vc=33 bI
[006c32] 6c32 CD986D CALL 6D98h     AF=9fa0 BC=0000 DE=dff9 HL=df92 SP=cff3 P1=004000 vc=33 bI
[006d98] 6d98 E5     PUSH HL        AF=9fa0 BC=0000 DE=dff9 HL=df92 SP=cff1 P1=004000 vc=33 bI
[006d99] 6d99 7D     LD A,L         AF=9fa0 BC=0000 DE=dff9 HL=df92 SP=cfef P1=004000 vc=33 bI
[006d9a] 6d9a C606   ADD A,06h      AF=92a0 BC=0000 DE=dff9 HL=df92 SP=cfef P1=004000 vc=33 bI
[006d9c] 6d9c 6F     LD L,A         AF=9800 BC=0000 DE=dff9 HL=df92 SP=cfef P1=004000 vc=33 bI
[006d9d] 6d9d 7E     LD A,(HL)      AF=9800 BC=0000 DE=dff9 HL=df98 SP=cfef P1=004000 vc=33 bI
[006d9e] 6d9e E60F   AND 0Fh        AF=8000 BC=0000 DE=dff9 HL=df98 SP=cfef P1=004000 vc=33 bI
[006da0] 6da0 2818   JR Z,6DBAh     AF=00a0 BC=0000 DE=dff9 HL=df98 SP=cfef P1=004000 vc=33 bI
[006dba] 6dba E1     POP HL         AF=00a0 BC=0000 DE=dff9 HL=df98 SP=cfef P1=004000 vc=33 bI
[006dbb] 6dbb C9     RET            AF=00a0 BC=0000 DE=dff9 HL=df92 SP=cff1 P1=004000 vc=33 bI
[006c35] 6c35 2D     DEC L          AF=00a0 BC=0000 DE=dff9 HL=df92 SP=cff3 P1=004000 vc=33 bI
[006c36] 6c36 2D     DEC L          AF=0040 BC=0000 DE=dff9 HL=df91 SP=cff3 P1=004000 vc=33 bI
[006c37] 6c37 C36A6D JP 6D6Ah       AF=0040 BC=0000 DE=dff9 HL=df90 SP=cff3 P1=004000 vc=33 bI
[006c10] 6c10 FAB8DF LD A,(DFB8h)   AF=03c0 BC=0000 DE=0010 HL=dfb2 SP=cff3 P1=004000 vc=35 BI
[006c13] 6c13 CB7F   BIT 7,A        AF=20c0 BC=0000 DE=0010 HL=dfb2 SP=cff3 P1=004000 vc=35 BI
[006c15] 6c15 2809   JR Z,6C20h     AF=20a0 BC=0000 DE=0010 HL=dfb2 SP=cff3 P1=004000 vc=35 BI
[006ce8] 6ce8 3601   LD (HL),01h    AF=01c0 BC=0001 DE=df99 HL=df9b SP=cff1 P1=004000 vc=11 BI
[006cea] 6cea E1     POP HL         AF=01c0 BC=0001 DE=df99 HL=df9b SP=cff1 P1=004000 vc=11 BI
[006ceb] 6ceb 1817   JR 6D04h       AF=01c0 BC=0001 DE=df99 HL=df94 SP=cff3 P1=004000 vc=11 BI
[006d45] 6d45 1E01   LD E,01h       AF=0120 BC=0011 DE=8074 HL=df9c SP=cfef P1=004000 vc=11 bI
[006c06] 6c06 E1     POP HL         AF=0120 BC=0000 DE=dff9 HL=df9b SP=cff1 P1=004000 vc=9 bI
[006c07] 6c07 182C   JR 6C35h       AF=0120 BC=0000 DE=dff9 HL=df92 SP=cff3 P1=004000 vc=9 bI
[006da2] 6da2 EA71DF LD (DF71h),A   AF=0a20 BC=0000 DE=0010 HL=dfc8 SP=cfef P1=004000 vc=11 bI
[006da5] 6da5 FA70DF LD A,(DF70h)   AF=0a20 BC=0000 DE=0010 HL=dfc8 SP=cfef P1=004000 vc=12 BI
[006da8] 6da8 0E13   LD C,13h       AF=0420 BC=0000 DE=0010 HL=dfc8 SP=cfef P1=004000 vc=12 BI
[006daa] 6daa FE01   CP 01h         AF=0420 BC=0013 DE=0010 HL=dfc8 SP=cfef P1=004000 vc=12 BI
[006dac] 6dac 280E   JR Z,6DBCh     AF=0440 BC=0013 DE=0010 HL=dfc8 SP=cfef P1=004000 vc=12 BI
[006dae] 6dae 0E18   LD C,18h       AF=0440 BC=0013 DE=0010 HL=dfc8 SP=cfef P1=004000 vc=12 BI
[006db0] 6db0 FE02   CP 02h         AF=0440 BC=0018 DE=0010 HL=dfc8 SP=cfef P1=004000 vc=12 BI
[006db2] 6db2 2808   JR Z,6DBCh     AF=0440 BC=0018 DE=0010 HL=dfc8 SP=cfef P1=004000 vc=12 BI
[006db4] 6db4 0E1D   LD C,1Dh       AF=0440 BC=0018 DE=0010 HL=dfc8 SP=cfef P1=004000 vc=12 BI
[006db6] 6db6 FE03   CP 03h         AF=0440 BC=001d DE=0010 HL=dfc8 SP=cfef P1=004000 vc=12 BI
[006db8] 6db8 2802   JR Z,6DBCh     AF=0440 BC=001d DE=0010 HL=dfc8 SP=cfef P1=004000 vc=12 BI
[0004eb] 04eb 21C6FF LD HL,FFC6h    AF=00a0 BC=0000 DE=04e6 HL=04e6 SP=cffd P1=004000 vc=150 bI
[0004ee] 04ee 35     DEC (HL)       AF=00a0 BC=0000 DE=04e6 HL=ffc6 SP=cffd P1=004000 vc=150 bI
[0004ef] 04ef 289B   JR Z,048Ch     AF=0040 BC=0000 DE=04e6 HL=ffc6 SP=cffd P1=004000 vc=150 bI
[0004f1] 04f1 3E7D   LD A,7Dh       AF=0040 BC=0000 DE=04e6 HL=ffc6 SP=cffd P1=004000 vc=150 bI
[0004f3] 04f3 E0A6   LD (FFA6h),A   AF=7d40 BC=0000 DE=04e6 HL=ffc6 SP=cffd P1=004000 vc=150 bI
